2026-02-06 21:31:11,799 - 🧠 OPERADOR PRODUCCIÓN INICIADO
2026-02-06 21:31:11,799 - 🚀 Iniciando motor...
2026-02-06 21:31:14,817 - OK #1 | leads_ok=N/A fail=N/A | 0.01s
2026-02-06 21:42:53,931 - 🧠 OPERADOR PRODUCCIÓN INICIADO
2026-02-06 21:42:53,932 - 🚀 Iniciando motor...
2026-02-06 21:42:57,111 - OK #1 | leads_ok=N/A fail=N/A | 0.18s
2026-02-06 21:43:57,177 - OK #2 | leads_ok=N/A fail=N/A | 0.06s
2026-02-06 21:44:57,204 - OK #3 | leads_ok=N/A fail=N/A | 0.02s
2026-02-06 21:45:57,235 - OK #4 | leads_ok=N/A fail=N/A | 0.02s
2026-02-06 21:46:57,264 - OK #5 | leads_ok=N/A fail=N/A | 0.03s
2026-02-06 21:47:57,296 - OK #6 | leads_ok=N/A fail=N/A | 0.02s
2026-02-06 21:48:57,322 - OK #7 | leads_ok=N/A fail=N/A | 0.02s
2026-02-06 21:49:57,350 - OK #8 | leads_ok=N/A fail=N/A | 0.02s
2026-02-06 21:50:57,372 - OK #9 | leads_ok=N/A fail=N/A | 0.01s
2026-02-06 21:51:57,426 - OK #10 | leads_ok=N/A fail=N/A | 0.04s
2026-02-06 21:52:57,449 - OK #11 | leads_ok=N/A fail=N/A | 0.01s
2026-02-06 21:53:57,472 - OK #12 | leads_ok=N/A fail=N/A | 0.02s
2026-02-06 21:54:57,485 - OK #13 | leads_ok=N/A fail=N/A | 0.01s
2026-02-06 21:55:57,537 - OK #14 | leads_ok=N/A fail=N/A | 0.03s
2026-02-06 21:56:57,565 - OK #15 | leads_ok=N/A fail=N/A | 0.02s
2026-02-06 21:57:57,596 - OK #16 | leads_ok=N/A fail=N/A | 0.03s
2026-02-06 21:58:57,609 - OK #17 | leads_ok=N/A fail=N/A | 0.01s
2026-02-06 21:59:57,653 - OK #18 | leads_ok=N/A fail=N/A | 0.04s
2026-02-06 22:00:57,705 - OK #19 | leads_ok=N/A fail=N/A | 0.04s
2026-02-06 22:01:57,738 - OK #20 | leads_ok=N/A fail=N/A | 0.02s
2026-02-06 22:02:57,764 - OK #21 | leads_ok=N/A fail=N/A | 0.02s
2026-02-06 22:03:57,782 - OK #22 | leads_ok=N/A fail=N/A | 0.02s
2026-02-06 22:04:57,932 - OK #23 | leads_ok=N/A fail=N/A | 0.15s
2026-02-06 22:05:57,962 - OK #24 | leads_ok=N/A fail=N/A | 0.02s
2026-02-06 22:06:58,030 - OK #25 | leads_ok=N/A fail=N/A | 0.06s
2026-02-06 22:07:58,073 - OK #26 | leads_ok=N/A fail=N/A | 0.04s
2026-02-06 22:08:58,139 - OK #27 | leads_ok=N/A fail=N/A | 0.06s
2026-02-06 22:09:58,166 - OK #28 | leads_ok=N/A fail=N/A | 0.02s
2026-02-06 22:10:58,188 - OK #29 | leads_ok=N/A fail=N/A | 0.01s
2026-02-06 22:11:58,227 - OK #30 | leads_ok=N/A fail=N/A | 0.03s
2026-02-06 22:12:58,246 - OK #31 | leads_ok=N/A fail=N/A | 0.01s
2026-02-06 22:13:58,264 - OK #32 | leads_ok=N/A fail=N/A | 0.02s
2026-02-06 22:14:58,281 - OK #33 | leads_ok=N/A fail=N/A | 0.02s
2026-02-06 22:15:58,309 - OK #34 | leads_ok=N/A fail=N/A | 0.02s
2026-02-06 22:16:58,336 - OK #35 | leads_ok=N/A fail=N/A | 0.02s
2026-02-06 22:19:11,904 - 💰 PROFIT: $6.65 | LEADS: 19 | EFF: 94%
2026-02-06 22:19:19,917 - 💰 PROFIT: $11.55 | LEADS: 33 | EFF: 94%
2026-02-06 22:19:27,946 - 💰 PROFIT: $9.8 | LEADS: 28 | EFF: 94%
2026-02-06 22:19:35,968 - 💰 PROFIT: $11.9 | LEADS: 34 | EFF: 94%
2026-02-06 22:19:43,986 - 💰 PROFIT: $4.2 | LEADS: 12 | EFF: 94%
2026-02-06 22:19:51,997 - 💰 PROFIT: $6.3 | LEADS: 18 | EFF: 94%
2026-02-06 22:20:00,020 - 💰 PROFIT: $14.7 | LEADS: 42 | EFF: 94%
2026-02-06 22:20:08,050 - 💰 PROFIT: $11.2 | LEADS: 32 | EFF: 94%
2026-02-06 22:20:16,072 - 💰 PROFIT: $4.55 | LEADS: 13 | EFF: 94%
2026-02-06 22:20:24,100 - 💰 PROFIT: $15.4 | LEADS: 44 | EFF: 94%
2026-02-06 22:20:32,124 - 💰 PROFIT: $4.2 | LEADS: 12 | EFF: 94%
2026-02-06 22:20:40,154 - 💰 PROFIT: $11.2 | LEADS: 32 | EFF: 94%
2026-02-06 22:20:48,178 - 💰 PROFIT: $4.2 | LEADS: 12 | EFF: 94%
2026-02-06 22:20:56,213 - 💰 PROFIT: $8.05 | LEADS: 23 | EFF: 94%
2026-02-06 22:21:04,236 - 💰 PROFIT: $16.45 | LEADS: 47 | EFF: 94%
2026-02-06 22:21:12,333 - 💰 PROFIT: $5.25 | LEADS: 15 | EFF: 94%
2026-02-06 22:21:20,372 - 💰 PROFIT: $14.35 | LEADS: 41 | EFF: 94%
2026-02-06 22:21:28,416 - 💰 PROFIT: $15.05 | LEADS: 43 | EFF: 94%
2026-02-06 22:21:36,447 - 💰 PROFIT: $9.8 | LEADS: 28 | EFF: 94%
2026-02-06 22:21:44,614 - 💰 PROFIT: $9.1 | LEADS: 26 | EFF: 94%
2026-02-06 22:21:52,629 - 💰 PROFIT: $16.1 | LEADS: 46 | EFF: 94%
2026-02-06 22:22:00,640 - 💰 PROFIT: $4.55 | LEADS: 13 | EFF: 94%
2026-02-06 22:22:08,663 - 💰 PROFIT: $10.85 | LEADS: 31 | EFF: 94%
2026-02-06 22:22:16,687 - 💰 PROFIT: $12.6 | LEADS: 36 | EFF: 94%
2026-02-06 22:22:24,717 - 💰 PROFIT: $10.15 | LEADS: 29 | EFF: 94%
2026-02-06 22:22:32,745 - 💰 PROFIT: $10.85 | LEADS: 31 | EFF: 94%
2026-02-06 22:22:40,756 - 💰 PROFIT: $7.35 | LEADS: 21 | EFF: 94%
2026-02-06 22:22:48,770 - 💰 PROFIT: $10.5 | LEADS: 30 | EFF: 94%
2026-02-06 22:22:56,788 - 💰 PROFIT: $16.1 | LEADS: 46 | EFF: 94%
2026-02-06 22:23:04,818 - 💰 PROFIT: $7.0 | LEADS: 20 | EFF: 94%
2026-02-06 22:23:12,840 - 💰 PROFIT: $9.1 | LEADS: 26 | EFF: 94%
2026-02-06 22:23:20,862 - 💰 PROFIT: $15.75 | LEADS: 45 | EFF: 94%
2026-02-06 22:23:28,897 - 💰 PROFIT: $10.5 | LEADS: 30 | EFF: 94%
2026-02-06 22:23:36,915 - 💰 PROFIT: $5.6 | LEADS: 16 | EFF: 94%
2026-02-06 22:23:44,945 - 💰 PROFIT: $9.8 | LEADS: 28 | EFF: 94%
2026-02-06 22:23:52,981 - 💰 PROFIT: $7.7 | LEADS: 22 | EFF: 94%
2026-02-06 22:24:01,017 - 💰 PROFIT: $13.3 | LEADS: 38 | EFF: 94%
2026-02-06 22:24:09,040 - 💰 PROFIT: $11.9 | LEADS: 34 | EFF: 94%
2026-02-06 22:24:17,072 - 💰 PROFIT: $7.7 | LEADS: 22 | EFF: 94%
2026-02-06 22:24:25,100 - 💰 PROFIT: $11.9 | LEADS: 34 | EFF: 94%
2026-02-06 22:24:33,128 - 💰 PROFIT: $15.4 | LEADS: 44 | EFF: 94%
2026-02-06 22:24:41,161 - 💰 PROFIT: $5.6 | LEADS: 16 | EFF: 94%
2026-02-06 22:24:49,207 - 💰 PROFIT: $7.7 | LEADS: 22 | EFF: 94%
2026-02-06 22:24:57,227 - 💰 PROFIT: $13.65 | LEADS: 39 | EFF: 94%
2026-02-06 22:25:05,252 - 💰 PROFIT: $11.2 | LEADS: 32 | EFF: 94%
2026-02-06 22:25:13,279 - 💰 PROFIT: $9.1 | LEADS: 26 | EFF: 94%
2026-02-06 22:25:21,304 - 💰 PROFIT: $16.1 | LEADS: 46 | EFF: 94%
2026-02-06 22:25:29,342 - 💰 PROFIT: $5.6 | LEADS: 16 | EFF: 94%
2026-02-06 22:25:37,360 - 💰 PROFIT: $5.6 | LEADS: 16 | EFF: 94%
2026-02-06 22:25:45,385 - 💰 PROFIT: $10.5 | LEADS: 30 | EFF: 94%
2026-02-06 22:25:53,403 - 💰 PROFIT: $12.6 | LEADS: 36 | EFF: 94%
2026-02-06 22:26:01,432 - 💰 PROFIT: $4.55 | LEADS: 13 | EFF: 94%
2026-02-06 22:26:09,472 - 💰 PROFIT: $15.05 | LEADS: 43 | EFF: 94%
2026-02-06 22:26:17,516 - 💰 PROFIT: $15.75 | LEADS: 45 | EFF: 94%
2026-02-06 22:26:25,545 - 💰 PROFIT: $4.9 | LEADS: 14 | EFF: 94%
2026-02-06 22:26:33,561 - 💰 PROFIT: $10.15 | LEADS: 29 | EFF: 94%
2026-02-06 22:26:41,567 - 💰 PROFIT: $15.4 | LEADS: 44 | EFF: 94%
2026-02-06 22:26:49,585 - 💰 PROFIT: $11.55 | LEADS: 33 | EFF: 94%
2026-02-06 22:26:57,617 - 💰 PROFIT: $5.95 | LEADS: 17 | EFF: 94%
2026-02-06 22:27:05,655 - 💰 PROFIT: $4.2 | LEADS: 12 | EFF: 94%
2026-02-06 22:27:13,685 - 💰 PROFIT: $5.95 | LEADS: 17 | EFF: 94%
2026-02-06 22:27:21,721 - 💰 PROFIT: $10.5 | LEADS: 30 | EFF: 94%
2026-02-06 22:27:29,757 - 💰 PROFIT: $14.0 | LEADS: 40 | EFF: 94%
2026-02-06 22:27:37,792 - 💰 PROFIT: $16.1 | LEADS: 46 | EFF: 94%
2026-02-06 22:27:45,826 - 💰 PROFIT: $4.9 | LEADS: 14 | EFF: 94%
2026-02-06 22:27:53,855 - 💰 PROFIT: $16.8 | LEADS: 48 | EFF: 94%
2026-02-06 22:28:01,885 - 💰 PROFIT: $12.6 | LEADS: 36 | EFF: 94%
2026-02-06 22:28:09,922 - 💰 PROFIT: $9.8 | LEADS: 28 | EFF: 94%
2026-02-06 22:28:17,960 - 💰 PROFIT: $11.2 | LEADS: 32 | EFF: 94%
2026-02-06 22:28:25,992 - 💰 PROFIT: $15.4 | LEADS: 44 | EFF: 94%
2026-02-06 22:28:34,031 - 💰 PROFIT: $12.95 | LEADS: 37 | EFF: 94%
2026-02-06 22:28:42,055 - 💰 PROFIT: $11.2 | LEADS: 32 | EFF: 94%
2026-02-06 22:28:50,075 - 💰 PROFIT: $4.2 | LEADS: 12 | EFF: 94%
2026-02-06 22:28:58,103 - 💰 PROFIT: $7.7 | LEADS: 22 | EFF: 94%
2026-02-06 22:29:06,120 - 💰 PROFIT: $8.4 | LEADS: 24 | EFF: 94%
2026-02-06 22:29:14,133 - 💰 PROFIT: $4.2 | LEADS: 12 | EFF: 94%
2026-02-06 22:29:22,169 - 💰 PROFIT: $13.65 | LEADS: 39 | EFF: 94%
2026-02-06 22:29:30,192 - 💰 PROFIT: $12.6 | LEADS: 36 | EFF: 94%
2026-02-06 22:29:38,227 - 💰 PROFIT: $15.4 | LEADS: 44 | EFF: 94%
2026-02-06 22:29:46,261 - 💰 PROFIT: $11.9 | LEADS: 34 | EFF: 94%
2026-02-06 22:29:54,347 - 💰 PROFIT: $9.45 | LEADS: 27 | EFF: 94%
2026-02-06 22:30:02,355 - 💰 PROFIT: $15.4 | LEADS: 44 | EFF: 94%
2026-02-06 22:30:10,372 - 💰 PROFIT: $4.2 | LEADS: 12 | EFF: 94%
2026-02-06 22:30:18,394 - 💰 PROFIT: $9.8 | LEADS: 28 | EFF: 94%
2026-02-06 22:30:26,430 - 💰 PROFIT: $11.9 | LEADS: 34 | EFF: 94%
2026-02-06 22:30:34,466 - 💰 PROFIT: $11.9 | LEADS: 34 | EFF: 94%
2026-02-06 22:30:42,495 - 💰 PROFIT: $4.2 | LEADS: 12 | EFF: 94%
2026-02-06 22:30:50,517 - 💰 PROFIT: $4.55 | LEADS: 13 | EFF: 94%
2026-02-06 22:30:58,544 - 💰 PROFIT: $5.6 | LEADS: 16 | EFF: 94%
2026-02-06 22:31:06,570 - 💰 PROFIT: $14.7 | LEADS: 42 | EFF: 94%
2026-02-06 22:31:14,589 - 💰 PROFIT: $15.4 | LEADS: 44 | EFF: 94%
2026-02-06 22:31:22,613 - 💰 PROFIT: $12.6 | LEADS: 36 | EFF: 94%
2026-02-06 22:31:30,641 - 💰 PROFIT: $14.0 | LEADS: 40 | EFF: 94%
2026-02-06 22:31:38,663 - 💰 PROFIT: $9.8 | LEADS: 28 | EFF: 94%
2026-02-06 22:31:46,689 - 💰 PROFIT: $11.2 | LEADS: 32 | EFF: 94%
2026-02-06 22:31:54,705 - 💰 PROFIT: $6.65 | LEADS: 19 | EFF: 94%
2026-02-06 22:32:02,746 - 💰 PROFIT: $14.7 | LEADS: 42 | EFF: 94%
2026-02-06 22:32:10,788 - 💰 PROFIT: $8.4 | LEADS: 24 | EFF: 94%
2026-02-06 22:32:18,813 - 💰 PROFIT: $11.55 | LEADS: 33 | EFF: 94%
2026-02-06 22:32:26,839 - 💰 PROFIT: $7.7 | LEADS: 22 | EFF: 94%
2026-02-06 22:32:34,869 - 💰 PROFIT: $15.75 | LEADS: 45 | EFF: 94%
2026-02-06 22:32:42,885 - 💰 PROFIT: $9.45 | LEADS: 27 | EFF: 94%
2026-02-06 22:32:50,919 - 💰 PROFIT: $5.25 | LEADS: 15 | EFF: 94%
2026-02-06 22:32:58,941 - 💰 PROFIT: $11.9 | LEADS: 34 | EFF: 94%
2026-02-06 22:33:06,967 - 💰 PROFIT: $16.1 | LEADS: 46 | EFF: 94%
2026-02-06 22:33:14,982 - 💰 PROFIT: $16.45 | LEADS: 47 | EFF: 94%
2026-02-06 22:33:23,007 - 💰 PROFIT: $15.75 | LEADS: 45 | EFF: 94%
2026-02-06 22:33:31,032 - 💰 PROFIT: $16.8 | LEADS: 48 | EFF: 94%
2026-02-06 22:33:39,061 - 💰 PROFIT: $4.2 | LEADS: 12 | EFF: 94%
2026-02-06 22:33:47,086 - 💰 PROFIT: $15.4 | LEADS: 44 | EFF: 94%
2026-02-06 22:33:55,115 - 💰 PROFIT: $8.05 | LEADS: 23 | EFF: 94%
2026-02-06 22:34:03,141 - 💰 PROFIT: $8.4 | LEADS: 24 | EFF: 94%
2026-02-06 22:34:11,167 - 💰 PROFIT: $14.0 | LEADS: 40 | EFF: 94%
2026-02-06 22:34:19,202 - 💰 PROFIT: $5.25 | LEADS: 15 | EFF: 94%
2026-02-06 22:34:27,229 - 💰 PROFIT: $4.55 | LEADS: 13 | EFF: 94%
2026-02-06 22:34:35,260 - 💰 PROFIT: $15.05 | LEADS: 43 | EFF: 94%
2026-02-06 22:34:43,294 - 💰 PROFIT: $14.0 | LEADS: 40 | EFF: 94%
2026-02-06 22:34:51,329 - 💰 PROFIT: $5.25 | LEADS: 15 | EFF: 94%
2026-02-06 22:34:59,356 - 💰 PROFIT: $8.4 | LEADS: 24 | EFF: 94%
2026-02-06 22:35:07,383 - 💰 PROFIT: $5.25 | LEADS: 15 | EFF: 94%
2026-02-06 22:35:15,409 - 💰 PROFIT: $16.8 | LEADS: 48 | EFF: 94%
2026-02-06 22:35:23,431 - 💰 PROFIT: $7.0 | LEADS: 20 | EFF: 94%
2026-02-06 22:35:31,457 - 💰 PROFIT: $7.0 | LEADS: 20 | EFF: 94%
2026-02-06 22:35:39,489 - 💰 PROFIT: $8.4 | LEADS: 24 | EFF: 94%
2026-02-06 22:35:47,512 - 💰 PROFIT: $7.35 | LEADS: 21 | EFF: 94%
2026-02-06 22:35:55,542 - 💰 PROFIT: $11.55 | LEADS: 33 | EFF: 94%
2026-02-06 22:36:03,569 - 💰 PROFIT: $14.35 | LEADS: 41 | EFF: 94%
2026-02-06 22:36:11,598 - 💰 PROFIT: $7.35 | LEADS: 21 | EFF: 94%
2026-02-06 22:36:19,623 - 💰 PROFIT: $12.25 | LEADS: 35 | EFF: 94%
2026-02-06 22:36:27,650 - 💰 PROFIT: $6.65 | LEADS: 19 | EFF: 94%
2026-02-06 22:36:35,690 - 💰 PROFIT: $6.65 | LEADS: 19 | EFF: 94%
2026-02-06 22:36:43,717 - 💰 PROFIT: $9.8 | LEADS: 28 | EFF: 94%
2026-02-06 22:36:51,750 - 💰 PROFIT: $15.4 | LEADS: 44 | EFF: 94%
2026-02-06 22:36:59,790 - 💰 PROFIT: $11.9 | LEADS: 34 | EFF: 94%
2026-02-06 22:37:07,811 - 💰 PROFIT: $8.4 | LEADS: 24 | EFF: 94%
2026-02-06 22:37:15,839 - 💰 PROFIT: $12.25 | LEADS: 35 | EFF: 94%
2026-02-06 22:37:23,865 - 💰 PROFIT: $11.55 | LEADS: 33 | EFF: 94%
2026-02-06 22:37:31,890 - 💰 PROFIT: $4.2 | LEADS: 12 | EFF: 94%
2026-02-06 22:37:39,921 - 💰 PROFIT: $13.3 | LEADS: 38 | EFF: 94%
2026-02-06 22:37:47,953 - 💰 PROFIT: $11.2 | LEADS: 32 | EFF: 94%
2026-02-06 22:37:55,987 - 💰 PROFIT: $11.2 | LEADS: 32 | EFF: 94%
2026-02-06 22:38:04,017 - 💰 PROFIT: $16.1 | LEADS: 46 | EFF: 94%
2026-02-06 22:38:12,049 - 💰 PROFIT: $14.35 | LEADS: 41 | EFF: 94%
2026-02-06 22:38:20,069 - 💰 PROFIT: $7.0 | LEADS: 20 | EFF: 94%
2026-02-06 22:38:28,094 - 💰 PROFIT: $10.85 | LEADS: 31 | EFF: 94%
2026-02-06 22:38:36,128 - 💰 PROFIT: $15.4 | LEADS: 44 | EFF: 94%
2026-02-06 22:38:44,148 - 💰 PROFIT: $6.3 | LEADS: 18 | EFF: 94%
2026-02-06 22:38:52,177 - 💰 PROFIT: $11.2 | LEADS: 32 | EFF: 94%
2026-02-06 22:39:00,200 - 💰 PROFIT: $12.25 | LEADS: 35 | EFF: 94%
2026-02-06 22:39:08,230 - 💰 PROFIT: $9.8 | LEADS: 28 | EFF: 94%
2026-02-06 22:39:16,258 - 💰 PROFIT: $9.8 | LEADS: 28 | EFF: 94%
2026-02-06 22:39:24,338 - 💰 PROFIT: $5.6 | LEADS: 16 | EFF: 94%
2026-02-06 22:39:32,369 - 💰 PROFIT: $11.9 | LEADS: 34 | EFF: 94%
2026-02-06 22:39:40,403 - 💰 PROFIT: $12.6 | LEADS: 36 | EFF: 94%
2026-02-06 22:39:48,421 - 💰 PROFIT: $10.85 | LEADS: 31 | EFF: 94%
2026-02-06 22:39:56,447 - 💰 PROFIT: $4.9 | LEADS: 14 | EFF: 94%
2026-02-06 22:40:04,470 - 💰 PROFIT: $6.65 | LEADS: 19 | EFF: 94%
2026-02-06 22:40:12,503 - 💰 PROFIT: $15.4 | LEADS: 44 | EFF: 94%
2026-02-06 22:40:20,526 - 💰 PROFIT: $12.6 | LEADS: 36 | EFF: 94%
2026-02-06 22:40:28,552 - 💰 PROFIT: $4.9 | LEADS: 14 | EFF: 94%
2026-02-06 22:40:36,578 - 💰 PROFIT: $5.6 | LEADS: 16 | EFF: 94%
2026-02-06 22:40:44,595 - 💰 PROFIT: $11.2 | LEADS: 32 | EFF: 94%
2026-02-06 22:40:52,618 - 💰 PROFIT: $14.7 | LEADS: 42 | EFF: 94%
2026-02-06 22:41:00,639 - 💰 PROFIT: $15.05 | LEADS: 43 | EFF: 94%
2026-02-06 22:41:08,664 - 💰 PROFIT: $15.75 | LEADS: 45 | EFF: 94%
2026-02-06 22:41:16,697 - 💰 PROFIT: $4.2 | LEADS: 12 | EFF: 94%
2026-02-06 22:41:24,728 - 💰 PROFIT: $10.15 | LEADS: 29 | EFF: 94%
2026-02-06 22:41:32,751 - 💰 PROFIT: $12.6 | LEADS: 36 | EFF: 94%
2026-02-06 22:41:40,780 - 💰 PROFIT: $14.7 | LEADS: 42 | EFF: 94%
2026-02-06 22:41:48,810 - 💰 PROFIT: $8.75 | LEADS: 25 | EFF: 94%
2026-02-06 22:41:56,839 - 💰 PROFIT: $16.45 | LEADS: 47 | EFF: 94%
2026-02-06 22:42:04,879 - 💰 PROFIT: $13.65 | LEADS: 39 | EFF: 94%
2026-02-06 22:42:12,909 - 💰 PROFIT: $9.8 | LEADS: 28 | EFF: 94%
2026-02-06 22:42:20,943 - 💰 PROFIT: $4.55 | LEADS: 13 | EFF: 94%
2026-02-06 22:42:28,979 - 💰 PROFIT: $6.65 | LEADS: 19 | EFF: 94%
2026-02-06 22:42:37,003 - 💰 PROFIT: $12.6 | LEADS: 36 | EFF: 94%
2026-02-06 22:42:45,042 - 💰 PROFIT: $9.8 | LEADS: 28 | EFF: 94%
2026-02-06 22:42:53,066 - 💰 PROFIT: $6.3 | LEADS: 18 | EFF: 94%
2026-02-06 22:43:01,099 - 💰 PROFIT: $10.5 | LEADS: 30 | EFF: 94%
2026-02-06 22:43:09,133 - 💰 PROFIT: $13.3 | LEADS: 38 | EFF: 94%
2026-02-06 22:43:17,155 - 💰 PROFIT: $6.65 | LEADS: 19 | EFF: 94%
2026-02-06 22:43:25,185 - 💰 PROFIT: $5.95 | LEADS: 17 | EFF: 94%
2026-02-06 22:43:33,209 - 💰 PROFIT: $13.3 | LEADS: 38 | EFF: 94%
2026-02-06 22:43:41,237 - 💰 PROFIT: $11.2 | LEADS: 32 | EFF: 94%
2026-02-06 22:43:49,284 - 💰 PROFIT: $6.3 | LEADS: 18 | EFF: 94%
2026-02-06 22:43:57,320 - 💰 PROFIT: $9.1 | LEADS: 26 | EFF: 94%
2026-02-06 22:44:05,344 - 💰 PROFIT: $13.65 | LEADS: 39 | EFF: 94%
2026-02-06 22:44:13,368 - 💰 PROFIT: $6.65 | LEADS: 19 | EFF: 94%
2026-02-06 22:44:21,385 - 💰 PROFIT: $8.4 | LEADS: 24 | EFF: 94%
2026-02-06 22:44:29,406 - 💰 PROFIT: $4.55 | LEADS: 13 | EFF: 94%
2026-02-06 22:44:37,433 - 💰 PROFIT: $14.35 | LEADS: 41 | EFF: 94%
2026-02-06 22:44:45,452 - 💰 PROFIT: $10.5 | LEADS: 30 | EFF: 94%
2026-02-06 22:44:53,479 - 💰 PROFIT: $8.4 | LEADS: 24 | EFF: 94%
2026-02-06 22:45:01,593 - 💰 PROFIT: $9.1 | LEADS: 26 | EFF: 94%
2026-02-06 22:45:09,632 - 💰 PROFIT: $5.6 | LEADS: 16 | EFF: 94%
2026-02-06 22:45:17,707 - 💰 PROFIT: $9.8 | LEADS: 28 | EFF: 94%
2026-02-06 22:45:25,740 - 💰 PROFIT: $7.0 | LEADS: 20 | EFF: 94%
2026-02-06 22:45:33,768 - 💰 PROFIT: $11.55 | LEADS: 33 | EFF: 94%
2026-02-06 22:45:41,796 - 💰 PROFIT: $14.7 | LEADS: 42 | EFF: 94%
2026-02-06 22:45:49,823 - 💰 PROFIT: $13.3 | LEADS: 38 | EFF: 94%
2026-02-06 22:45:57,850 - 💰 PROFIT: $13.65 | LEADS: 39 | EFF: 94%
2026-02-06 22:46:05,880 - 💰 PROFIT: $10.85 | LEADS: 31 | EFF: 94%
2026-02-06 22:46:13,943 - 💰 PROFIT: $15.75 | LEADS: 45 | EFF: 94%
2026-02-06 22:46:21,964 - 💰 PROFIT: $5.6 | LEADS: 16 | EFF: 94%
2026-02-06 22:46:29,995 - 💰 PROFIT: $14.0 | LEADS: 40 | EFF: 94%
2026-02-06 22:46:38,029 - 💰 PROFIT: $16.1 | LEADS: 46 | EFF: 94%
2026-02-06 22:46:46,071 - 💰 PROFIT: $12.95 | LEADS: 37 | EFF: 94%
2026-02-06 22:46:54,101 - 💰 PROFIT: $7.0 | LEADS: 20 | EFF: 94%
2026-02-06 22:47:02,141 - 💰 PROFIT: $14.35 | LEADS: 41 | EFF: 94%
2026-02-06 22:47:10,200 - 💰 PROFIT: $5.95 | LEADS: 17 | EFF: 94%
2026-02-06 22:47:18,230 - 💰 PROFIT: $4.9 | LEADS: 14 | EFF: 94%
2026-02-06 22:47:26,256 - 💰 PROFIT: $7.7 | LEADS: 22 | EFF: 94%
2026-02-06 22:47:34,286 - 💰 PROFIT: $13.3 | LEADS: 38 | EFF: 94%
2026-02-06 22:47:42,319 - 💰 PROFIT: $7.35 | LEADS: 21 | EFF: 94%
2026-02-06 22:47:50,350 - 💰 PROFIT: $12.6 | LEADS: 36 | EFF: 94%
2026-02-06 22:47:58,376 - 💰 PROFIT: $9.8 | LEADS: 28 | EFF: 94%
2026-02-06 22:48:06,407 - 💰 PROFIT: $10.5 | LEADS: 30 | EFF: 94%
2026-02-06 22:48:14,438 - 💰 PROFIT: $13.65 | LEADS: 39 | EFF: 94%
2026-02-06 22:48:22,463 - 💰 PROFIT: $7.35 | LEADS: 21 | EFF: 94%
2026-02-06 22:48:30,485 - 💰 PROFIT: $14.7 | LEADS: 42 | EFF: 94%
2026-02-06 22:48:38,509 - 💰 PROFIT: $7.0 | LEADS: 20 | EFF: 94%
2026-02-06 22:48:46,539 - 💰 PROFIT: $10.85 | LEADS: 31 | EFF: 94%
2026-02-06 22:48:54,629 - 💰 PROFIT: $7.7 | LEADS: 22 | EFF: 94%
2026-02-06 22:49:02,655 - 💰 PROFIT: $5.6 | LEADS: 16 | EFF: 94%
2026-02-06 22:49:10,682 - 💰 PROFIT: $14.35 | LEADS: 41 | EFF: 94%
2026-02-06 22:49:18,715 - 💰 PROFIT: $4.2 | LEADS: 12 | EFF: 94%
2026-02-06 22:49:26,743 - 💰 PROFIT: $5.95 | LEADS: 17 | EFF: 94%
2026-02-06 22:49:34,777 - 💰 PROFIT: $11.2 | LEADS: 32 | EFF: 94%
2026-02-06 22:49:42,809 - 💰 PROFIT: $5.25 | LEADS: 15 | EFF: 94%
2026-02-06 22:49:50,841 - 💰 PROFIT: $11.55 | LEADS: 33 | EFF: 94%
2026-02-06 22:49:58,874 - 💰 PROFIT: $14.0 | LEADS: 40 | EFF: 94%
2026-02-06 22:50:06,898 - 💰 PROFIT: $11.2 | LEADS: 32 | EFF: 94%
2026-02-06 22:50:14,919 - 💰 PROFIT: $11.2 | LEADS: 32 | EFF: 94%
2026-02-06 22:50:22,954 - 💰 PROFIT: $12.25 | LEADS: 35 | EFF: 94%
2026-02-06 22:50:30,992 - 💰 PROFIT: $14.7 | LEADS: 42 | EFF: 94%
2026-02-06 22:50:39,071 - 💰 PROFIT: $14.0 | LEADS: 40 | EFF: 94%
2026-02-06 22:50:47,093 - 💰 PROFIT: $14.0 | LEADS: 40 | EFF: 94%
2026-02-06 22:50:55,129 - 💰 PROFIT: $6.65 | LEADS: 19 | EFF: 94%
2026-02-06 22:51:03,157 - 💰 PROFIT: $15.4 | LEADS: 44 | EFF: 94%
2026-02-06 22:51:11,192 - 💰 PROFIT: $15.05 | LEADS: 43 | EFF: 94%
2026-02-06 22:51:19,217 - 💰 PROFIT: $5.95 | LEADS: 17 | EFF: 94%
2026-02-06 22:51:27,243 - 💰 PROFIT: $13.3 | LEADS: 38 | EFF: 94%
2026-02-06 22:51:35,272 - 💰 PROFIT: $9.45 | LEADS: 27 | EFF: 94%
2026-02-06 22:51:43,384 - 💰 PROFIT: $6.65 | LEADS: 19 | EFF: 94%
2026-02-06 22:51:51,413 - 💰 PROFIT: $9.8 | LEADS: 28 | EFF: 94%
2026-02-06 22:51:59,443 - 💰 PROFIT: $4.9 | LEADS: 14 | EFF: 94%
2026-02-06 22:52:07,479 - 💰 PROFIT: $15.75 | LEADS: 45 | EFF: 94%
2026-02-06 22:52:15,504 - 💰 PROFIT: $8.4 | LEADS: 24 | EFF: 94%
2026-02-06 22:52:23,535 - 💰 PROFIT: $10.85 | LEADS: 31 | EFF: 94%
2026-02-06 22:52:31,565 - 💰 PROFIT: $8.75 | LEADS: 25 | EFF: 94%
2026-02-06 22:52:39,596 - 💰 PROFIT: $4.2 | LEADS: 12 | EFF: 94%
2026-02-06 22:52:47,631 - 💰 PROFIT: $7.7 | LEADS: 22 | EFF: 94%
2026-02-06 22:52:55,669 - 💰 PROFIT: $5.95 | LEADS: 17 | EFF: 94%
2026-02-06 22:53:03,696 - 💰 PROFIT: $5.25 | LEADS: 15 | EFF: 94%
2026-02-06 22:53:11,715 - 💰 PROFIT: $14.0 | LEADS: 40 | EFF: 94%
2026-02-06 22:53:19,749 - 💰 PROFIT: $5.6 | LEADS: 16 | EFF: 94%
2026-02-06 22:53:27,759 - 💰 PROFIT: $12.6 | LEADS: 36 | EFF: 94%
2026-02-06 22:53:35,787 - 💰 PROFIT: $9.8 | LEADS: 28 | EFF: 94%
2026-02-06 22:53:43,808 - 💰 PROFIT: $13.65 | LEADS: 39 | EFF: 94%
2026-02-06 22:53:51,828 - 💰 PROFIT: $8.05 | LEADS: 23 | EFF: 94%
2026-02-06 22:53:59,855 - 💰 PROFIT: $12.6 | LEADS: 36 | EFF: 94%
2026-02-06 22:54:07,877 - 💰 PROFIT: $16.8 | LEADS: 48 | EFF: 94%
2026-02-06 22:54:15,899 - 💰 PROFIT: $12.6 | LEADS: 36 | EFF: 94%
2026-02-06 22:54:23,919 - 💰 PROFIT: $15.4 | LEADS: 44 | EFF: 94%
2026-02-06 22:54:31,950 - 💰 PROFIT: $7.7 | LEADS: 22 | EFF: 94%
2026-02-06 22:54:39,971 - 💰 PROFIT: $7.0 | LEADS: 20 | EFF: 94%
2026-02-06 22:54:48,005 - 💰 PROFIT: $4.2 | LEADS: 12 | EFF: 94%
2026-02-06 22:54:56,032 - 💰 PROFIT: $11.2 | LEADS: 32 | EFF: 94%
2026-02-06 22:55:04,050 - 💰 PROFIT: $6.3 | LEADS: 18 | EFF: 94%
2026-02-06 22:55:12,075 - 💰 PROFIT: $16.45 | LEADS: 47 | EFF: 94%
2026-02-06 22:55:20,102 - 💰 PROFIT: $4.9 | LEADS: 14 | EFF: 94%
2026-02-06 22:55:28,126 - 💰 PROFIT: $12.95 | LEADS: 37 | EFF: 94%
2026-02-06 22:55:36,160 - 💰 PROFIT: $15.05 | LEADS: 43 | EFF: 94%
2026-02-06 22:55:44,186 - 💰 PROFIT: $14.0 | LEADS: 40 | EFF: 94%
2026-02-06 22:55:52,216 - 💰 PROFIT: $9.45 | LEADS: 27 | EFF: 94%
2026-02-06 22:56:00,228 - 💰 PROFIT: $6.65 | LEADS: 19 | EFF: 94%
2026-02-06 22:56:08,263 - 💰 PROFIT: $4.2 | LEADS: 12 | EFF: 94%
2026-02-06 22:56:16,355 - 💰 PROFIT: $11.2 | LEADS: 32 | EFF: 94%
2026-02-06 22:56:24,386 - 💰 PROFIT: $5.25 | LEADS: 15 | EFF: 94%
2026-02-06 22:56:32,407 - 💰 PROFIT: $9.8 | LEADS: 28 | EFF: 94%
2026-02-06 22:56:40,433 - 💰 PROFIT: $9.8 | LEADS: 28 | EFF: 94%
2026-02-06 22:56:48,462 - 💰 PROFIT: $4.2 | LEADS: 12 | EFF: 94%
2026-02-06 22:56:56,493 - 💰 PROFIT: $7.7 | LEADS: 22 | EFF: 94%
2026-02-06 22:57:04,521 - 💰 PROFIT: $15.05 | LEADS: 43 | EFF: 94%
2026-02-06 22:57:12,628 - 💰 PROFIT: $11.55 | LEADS: 33 | EFF: 94%
2026-02-06 22:57:20,692 - 💰 PROFIT: $15.4 | LEADS: 44 | EFF: 94%
2026-02-06 22:57:28,712 - 💰 PROFIT: $4.2 | LEADS: 12 | EFF: 94%
2026-02-06 22:57:36,813 - 💰 PROFIT: $5.25 | LEADS: 15 | EFF: 94%
2026-02-06 22:57:44,839 - 💰 PROFIT: $6.3 | LEADS: 18 | EFF: 94%
2026-02-06 22:57:52,854 - 💰 PROFIT: $15.4 | LEADS: 44 | EFF: 94%
2026-02-06 22:58:00,874 - 💰 PROFIT: $12.95 | LEADS: 37 | EFF: 94%
2026-02-06 22:58:08,902 - 💰 PROFIT: $16.1 | LEADS: 46 | EFF: 94%
2026-02-06 22:58:16,923 - 💰 PROFIT: $9.1 | LEADS: 26 | EFF: 94%
2026-02-06 22:58:24,932 - 💰 PROFIT: $4.55 | LEADS: 13 | EFF: 94%
2026-02-06 22:58:32,949 - 💰 PROFIT: $8.4 | LEADS: 24 | EFF: 94%
2026-02-06 22:58:40,974 - 💰 PROFIT: $8.4 | LEADS: 24 | EFF: 94%
2026-02-06 22:58:48,996 - 💰 PROFIT: $4.55 | LEADS: 13 | EFF: 94%
2026-02-06 22:58:57,015 - 💰 PROFIT: $13.65 | LEADS: 39 | EFF: 94%
2026-02-06 22:59:05,040 - 💰 PROFIT: $8.4 | LEADS: 24 | EFF: 94%
2026-02-06 22:59:13,067 - 💰 PROFIT: $8.4 | LEADS: 24 | EFF: 94%
2026-02-06 22:59:21,094 - 💰 PROFIT: $16.45 | LEADS: 47 | EFF: 94%
2026-02-06 22:59:29,116 - 💰 PROFIT: $9.45 | LEADS: 27 | EFF: 94%
2026-02-06 22:59:37,137 - 💰 PROFIT: $11.55 | LEADS: 33 | EFF: 94%
2026-02-06 22:59:45,155 - 💰 PROFIT: $12.6 | LEADS: 36 | EFF: 94%
2026-02-06 22:59:53,172 - 💰 PROFIT: $6.3 | LEADS: 18 | EFF: 94%
2026-02-06 23:00:01,336 - 💰 PROFIT: $9.8 | LEADS: 28 | EFF: 94%
2026-02-06 23:00:09,360 - 💰 PROFIT: $8.4 | LEADS: 24 | EFF: 94%
2026-02-06 23:00:17,386 - 💰 PROFIT: $12.6 | LEADS: 36 | EFF: 94%
2026-02-06 23:00:25,420 - 💰 PROFIT: $12.6 | LEADS: 36 | EFF: 94%
2026-02-06 23:00:33,435 - 💰 PROFIT: $10.5 | LEADS: 30 | EFF: 94%
2026-02-06 23:00:41,465 - 💰 PROFIT: $14.0 | LEADS: 40 | EFF: 94%
2026-02-06 23:00:49,644 - 💰 PROFIT: $7.7 | LEADS: 22 | EFF: 94%
2026-02-06 23:00:57,675 - 💰 PROFIT: $11.55 | LEADS: 33 | EFF: 94%
2026-02-06 23:01:05,700 - 💰 PROFIT: $4.2 | LEADS: 12 | EFF: 94%
2026-02-06 23:01:13,731 - 💰 PROFIT: $7.0 | LEADS: 20 | EFF: 94%
2026-02-06 23:01:21,751 - 💰 PROFIT: $4.55 | LEADS: 13 | EFF: 94%
2026-02-06 23:01:29,769 - 💰 PROFIT: $7.7 | LEADS: 22 | EFF: 94%
2026-02-06 23:01:37,792 - 💰 PROFIT: $9.8 | LEADS: 28 | EFF: 94%
2026-02-06 23:01:45,819 - 💰 PROFIT: $14.35 | LEADS: 41 | EFF: 94%
2026-02-06 23:01:53,856 - 💰 PROFIT: $12.25 | LEADS: 35 | EFF: 94%
2026-02-06 23:02:01,882 - 💰 PROFIT: $5.6 | LEADS: 16 | EFF: 94%
2026-02-06 23:02:09,914 - 💰 PROFIT: $15.05 | LEADS: 43 | EFF: 94%
2026-02-06 23:02:17,944 - 💰 PROFIT: $14.7 | LEADS: 42 | EFF: 94%
2026-02-06 23:02:25,975 - 💰 PROFIT: $9.1 | LEADS: 26 | EFF: 94%
2026-02-06 23:02:33,999 - 💰 PROFIT: $16.45 | LEADS: 47 | EFF: 94%
2026-02-06 23:02:42,028 - 💰 PROFIT: $16.8 | LEADS: 48 | EFF: 94%
2026-02-06 23:02:50,059 - 💰 PROFIT: $16.45 | LEADS: 47 | EFF: 94%
2026-02-06 23:02:58,094 - 💰 PROFIT: $5.6 | LEADS: 16 | EFF: 94%
2026-02-06 23:03:06,114 - 💰 PROFIT: $8.4 | LEADS: 24 | EFF: 94%
2026-02-06 23:03:14,142 - 💰 PROFIT: $11.2 | LEADS: 32 | EFF: 94%
2026-02-06 23:03:22,160 - 💰 PROFIT: $10.85 | LEADS: 31 | EFF: 94%
2026-02-06 23:03:30,187 - 💰 PROFIT: $5.6 | LEADS: 16 | EFF: 94%
2026-02-06 23:03:38,207 - 💰 PROFIT: $7.0 | LEADS: 20 | EFF: 94%
2026-02-06 23:03:46,233 - 💰 PROFIT: $12.6 | LEADS: 36 | EFF: 94%
2026-02-06 23:03:54,266 - 💰 PROFIT: $7.35 | LEADS: 21 | EFF: 94%
2026-02-06 23:04:02,297 - 💰 PROFIT: $9.45 | LEADS: 27 | EFF: 94%
2026-02-06 23:04:10,334 - 💰 PROFIT: $15.4 | LEADS: 44 | EFF: 94%
2026-02-06 23:04:18,360 - 💰 PROFIT: $15.4 | LEADS: 44 | EFF: 94%
2026-02-06 23:04:26,379 - 💰 PROFIT: $10.85 | LEADS: 31 | EFF: 94%
2026-02-06 23:04:34,411 - 💰 PROFIT: $7.35 | LEADS: 21 | EFF: 94%
2026-02-06 23:04:42,439 - 💰 PROFIT: $16.45 | LEADS: 47 | EFF: 94%
2026-02-06 23:04:50,468 - 💰 PROFIT: $14.0 | LEADS: 40 | EFF: 94%
2026-02-06 23:04:58,498 - 💰 PROFIT: $9.8 | LEADS: 28 | EFF: 94%
2026-02-06 23:05:06,525 - 💰 PROFIT: $16.8 | LEADS: 48 | EFF: 94%
2026-02-06 23:05:14,733 - 💰 PROFIT: $12.95 | LEADS: 37 | EFF: 94%
2026-02-06 23:05:22,786 - 💰 PROFIT: $4.2 | LEADS: 12 | EFF: 94%
2026-02-06 23:05:30,807 - 💰 PROFIT: $5.95 | LEADS: 17 | EFF: 94%
2026-02-06 23:05:38,835 - 💰 PROFIT: $12.95 | LEADS: 37 | EFF: 94%
2026-02-06 23:05:46,863 - 💰 PROFIT: $12.6 | LEADS: 36 | EFF: 94%
2026-02-06 23:05:54,878 - 💰 PROFIT: $11.2 | LEADS: 32 | EFF: 94%
2026-02-06 23:06:02,900 - 💰 PROFIT: $9.1 | LEADS: 26 | EFF: 94%
2026-02-06 23:06:10,920 - 💰 PROFIT: $5.6 | LEADS: 16 | EFF: 94%
2026-02-06 23:06:18,947 - 💰 PROFIT: $5.6 | LEADS: 16 | EFF: 94%
2026-02-06 23:06:26,978 - 💰 PROFIT: $5.6 | LEADS: 16 | EFF: 94%
2026-02-06 23:06:35,004 - 💰 PROFIT: $7.0 | LEADS: 20 | EFF: 94%
2026-02-06 23:06:43,031 - 💰 PROFIT: $10.85 | LEADS: 31 | EFF: 94%
2026-02-06 23:06:51,053 - 💰 PROFIT: $16.8 | LEADS: 48 | EFF: 94%
2026-02-06 23:06:59,076 - 💰 PROFIT: $14.7 | LEADS: 42 | EFF: 94%
2026-02-06 23:07:07,098 - 💰 PROFIT: $7.35 | LEADS: 21 | EFF: 94%
2026-02-06 23:07:15,126 - 💰 PROFIT: $4.55 | LEADS: 13 | EFF: 94%
2026-02-06 23:07:23,149 - 💰 PROFIT: $4.2 | LEADS: 12 | EFF: 94%
2026-02-06 23:07:31,160 - 💰 PROFIT: $8.75 | LEADS: 25 | EFF: 94%
2026-02-06 23:07:39,177 - 💰 PROFIT: $11.2 | LEADS: 32 | EFF: 94%
2026-02-06 23:07:47,202 - 💰 PROFIT: $11.2 | LEADS: 32 | EFF: 94%
2026-02-06 23:07:55,234 - 💰 PROFIT: $15.05 | LEADS: 43 | EFF: 94%
2026-02-06 23:08:03,261 - 💰 PROFIT: $14.7 | LEADS: 42 | EFF: 94%
2026-02-06 23:08:11,285 - 💰 PROFIT: $8.4 | LEADS: 24 | EFF: 94%
2026-02-06 23:08:19,313 - 💰 PROFIT: $8.05 | LEADS: 23 | EFF: 94%
2026-02-06 23:08:27,334 - 💰 PROFIT: $14.7 | LEADS: 42 | EFF: 94%
2026-02-06 23:08:35,436 - 💰 PROFIT: $15.75 | LEADS: 45 | EFF: 94%
2026-02-06 23:08:43,469 - 💰 PROFIT: $5.6 | LEADS: 16 | EFF: 94%
2026-02-06 23:08:51,594 - 💰 PROFIT: $6.3 | LEADS: 18 | EFF: 94%
2026-02-06 23:08:59,616 - 💰 PROFIT: $11.2 | LEADS: 32 | EFF: 94%
2026-02-06 23:09:07,630 - 💰 PROFIT: $10.15 | LEADS: 29 | EFF: 94%
2026-02-06 23:09:15,651 - 💰 PROFIT: $12.95 | LEADS: 37 | EFF: 94%
2026-02-06 23:09:23,671 - 💰 PROFIT: $7.35 | LEADS: 21 | EFF: 94%
2026-02-06 23:09:31,693 - 💰 PROFIT: $10.15 | LEADS: 29 | EFF: 94%
2026-02-06 23:09:39,722 - 💰 PROFIT: $16.45 | LEADS: 47 | EFF: 94%
2026-02-06 23:09:47,752 - 💰 PROFIT: $14.7 | LEADS: 42 | EFF: 94%
2026-02-06 23:09:55,776 - 💰 PROFIT: $9.8 | LEADS: 28 | EFF: 94%
2026-02-06 23:10:03,817 - 💰 PROFIT: $4.55 | LEADS: 13 | EFF: 94%
2026-02-06 23:10:11,931 - 💰 PROFIT: $5.25 | LEADS: 15 | EFF: 94%
2026-02-06 23:10:19,968 - 💰 PROFIT: $7.35 | LEADS: 21 | EFF: 94%
2026-02-06 23:10:27,995 - 💰 PROFIT: $9.8 | LEADS: 28 | EFF: 94%
2026-02-06 23:10:36,018 - 💰 PROFIT: $14.0 | LEADS: 40 | EFF: 94%
2026-02-06 23:10:44,043 - 💰 PROFIT: $7.7 | LEADS: 22 | EFF: 94%
2026-02-06 23:10:52,077 - 💰 PROFIT: $15.75 | LEADS: 45 | EFF: 94%
2026-02-06 23:11:00,097 - 💰 PROFIT: $6.65 | LEADS: 19 | EFF: 94%
2026-02-06 23:11:08,123 - 💰 PROFIT: $7.0 | LEADS: 20 | EFF: 94%
2026-02-06 23:11:16,205 - 💰 PROFIT: $14.35 | LEADS: 41 | EFF: 94%
2026-02-06 23:11:24,234 - 💰 PROFIT: $15.4 | LEADS: 44 | EFF: 94%
2026-02-06 23:11:32,257 - 💰 PROFIT: $5.25 | LEADS: 15 | EFF: 94%
2026-02-06 23:11:40,277 - 💰 PROFIT: $15.4 | LEADS: 44 | EFF: 94%
2026-02-06 23:11:48,306 - 💰 PROFIT: $11.2 | LEADS: 32 | EFF: 94%
2026-02-06 23:11:56,328 - 💰 PROFIT: $11.2 | LEADS: 32 | EFF: 94%
2026-02-06 23:12:04,366 - 💰 PROFIT: $10.85 | LEADS: 31 | EFF: 94%
2026-02-06 23:12:12,392 - 💰 PROFIT: $10.15 | LEADS: 29 | EFF: 94%
2026-02-06 23:12:20,424 - 💰 PROFIT: $5.6 | LEADS: 16 | EFF: 94%
2026-02-06 23:12:28,449 - 💰 PROFIT: $5.25 | LEADS: 15 | EFF: 94%
2026-02-06 23:12:36,478 - 💰 PROFIT: $11.55 | LEADS: 33 | EFF: 94%
2026-02-06 23:12:44,500 - 💰 PROFIT: $14.0 | LEADS: 40 | EFF: 94%
2026-02-06 23:12:52,565 - 💰 PROFIT: $12.25 | LEADS: 35 | EFF: 94%
2026-02-06 23:13:00,618 - 💰 PROFIT: $11.2 | LEADS: 32 | EFF: 94%
2026-02-06 23:13:08,641 - 💰 PROFIT: $15.05 | LEADS: 43 | EFF: 94%
2026-02-06 23:13:16,676 - 💰 PROFIT: $14.7 | LEADS: 42 | EFF: 94%
2026-02-06 23:13:24,706 - 💰 PROFIT: $9.8 | LEADS: 28 | EFF: 94%
2026-02-06 23:13:32,727 - 💰 PROFIT: $7.7 | LEADS: 22 | EFF: 94%
2026-02-06 23:13:40,758 - 💰 PROFIT: $12.25 | LEADS: 35 | EFF: 94%
2026-02-06 23:13:48,786 - 💰 PROFIT: $11.9 | LEADS: 34 | EFF: 94%
2026-02-06 23:13:56,809 - 💰 PROFIT: $8.75 | LEADS: 25 | EFF: 94%
2026-02-06 23:14:04,830 - 💰 PROFIT: $9.45 | LEADS: 27 | EFF: 94%
2026-02-06 23:14:12,964 - 💰 PROFIT: $11.55 | LEADS: 33 | EFF: 94%
2026-02-06 23:14:21,004 - 💰 PROFIT: $8.4 | LEADS: 24 | EFF: 94%
2026-02-06 23:14:29,029 - 💰 PROFIT: $8.75 | LEADS: 25 | EFF: 94%
2026-02-06 23:14:37,053 - 💰 PROFIT: $12.6 | LEADS: 36 | EFF: 94%
2026-02-06 23:14:45,087 - 💰 PROFIT: $4.2 | LEADS: 12 | EFF: 94%
2026-02-06 23:14:53,127 - 💰 PROFIT: $4.2 | LEADS: 12 | EFF: 94%
2026-02-06 23:15:01,160 - 💰 PROFIT: $11.9 | LEADS: 34 | EFF: 94%
2026-02-06 23:15:09,198 - 💰 PROFIT: $8.4 | LEADS: 24 | EFF: 94%
2026-02-06 23:15:17,227 - 💰 PROFIT: $4.2 | LEADS: 12 | EFF: 94%
2026-02-06 23:15:25,251 - 💰 PROFIT: $12.6 | LEADS: 36 | EFF: 94%
2026-02-06 23:15:33,281 - 💰 PROFIT: $4.55 | LEADS: 13 | EFF: 94%
2026-02-06 23:15:41,312 - 💰 PROFIT: $14.7 | LEADS: 42 | EFF: 94%
2026-02-06 23:15:49,336 - 💰 PROFIT: $5.6 | LEADS: 16 | EFF: 94%
2026-02-06 23:15:57,393 - 💰 PROFIT: $14.7 | LEADS: 42 | EFF: 94%
2026-02-06 23:16:05,424 - 💰 PROFIT: $11.2 | LEADS: 32 | EFF: 94%
2026-02-06 23:16:13,450 - 💰 PROFIT: $16.1 | LEADS: 46 | EFF: 94%
2026-02-06 23:16:21,505 - 💰 PROFIT: $8.4 | LEADS: 24 | EFF: 94%
2026-02-06 23:16:29,532 - 💰 PROFIT: $14.0 | LEADS: 40 | EFF: 94%
2026-02-06 23:16:37,557 - 💰 PROFIT: $12.6 | LEADS: 36 | EFF: 94%
2026-02-06 23:16:45,585 - 💰 PROFIT: $16.45 | LEADS: 47 | EFF: 94%
2026-02-06 23:16:53,613 - 💰 PROFIT: $9.45 | LEADS: 27 | EFF: 94%
2026-02-06 23:17:01,634 - 💰 PROFIT: $16.45 | LEADS: 47 | EFF: 94%
2026-02-06 23:17:09,660 - 💰 PROFIT: $7.0 | LEADS: 20 | EFF: 94%
2026-02-06 23:17:17,733 - 💰 PROFIT: $12.6 | LEADS: 36 | EFF: 94%
2026-02-06 23:17:25,766 - 💰 PROFIT: $11.55 | LEADS: 33 | EFF: 94%
2026-02-06 23:17:33,808 - 💰 PROFIT: $12.6 | LEADS: 36 | EFF: 94%
2026-02-06 23:17:41,844 - 💰 PROFIT: $11.55 | LEADS: 33 | EFF: 94%
2026-02-06 23:17:49,873 - 💰 PROFIT: $12.6 | LEADS: 36 | EFF: 94%
2026-02-06 23:17:57,912 - 💰 PROFIT: $14.35 | LEADS: 41 | EFF: 94%
2026-02-06 23:18:06,091 - 💰 PROFIT: $9.1 | LEADS: 26 | EFF: 94%
2026-02-06 23:18:14,114 - 💰 PROFIT: $5.6 | LEADS: 16 | EFF: 94%
2026-02-06 23:18:22,122 - 💰 PROFIT: $10.85 | LEADS: 31 | EFF: 94%
2026-02-06 23:18:30,138 - 💰 PROFIT: $8.4 | LEADS: 24 | EFF: 94%
2026-02-06 23:18:38,288 - 💰 PROFIT: $11.55 | LEADS: 33 | EFF: 94%
2026-02-06 23:18:46,306 - 💰 PROFIT: $15.4 | LEADS: 44 | EFF: 94%
2026-02-06 23:18:54,325 - 💰 PROFIT: $8.4 | LEADS: 24 | EFF: 94%
2026-02-06 23:19:02,352 - 💰 PROFIT: $14.35 | LEADS: 41 | EFF: 94%
2026-02-06 23:19:10,423 - 💰 PROFIT: $4.2 | LEADS: 12 | EFF: 94%
2026-02-06 23:19:18,445 - 💰 PROFIT: $7.0 | LEADS: 20 | EFF: 94%
2026-02-06 23:19:26,472 - 💰 PROFIT: $16.45 | LEADS: 47 | EFF: 94%
2026-02-06 23:19:34,491 - 💰 PROFIT: $16.8 | LEADS: 48 | EFF: 94%
2026-02-06 23:19:42,517 - 💰 PROFIT: $5.6 | LEADS: 16 | EFF: 94%
2026-02-06 23:19:50,553 - 💰 PROFIT: $12.6 | LEADS: 36 | EFF: 94%
2026-02-06 23:19:58,573 - 💰 PROFIT: $15.05 | LEADS: 43 | EFF: 94%
2026-02-06 23:20:06,656 - 💰 PROFIT: $5.95 | LEADS: 17 | EFF: 94%
2026-02-06 23:20:14,697 - 💰 PROFIT: $15.4 | LEADS: 44 | EFF: 94%
2026-02-06 23:20:22,716 - 💰 PROFIT: $9.45 | LEADS: 27 | EFF: 94%
2026-02-06 23:20:30,747 - 💰 PROFIT: $5.6 | LEADS: 16 | EFF: 94%
2026-02-06 23:20:38,772 - 💰 PROFIT: $11.55 | LEADS: 33 | EFF: 94%
2026-02-06 23:20:46,796 - 💰 PROFIT: $5.95 | LEADS: 17 | EFF: 94%
2026-02-06 23:20:54,820 - 💰 PROFIT: $7.0 | LEADS: 20 | EFF: 94%
2026-02-06 23:21:02,845 - 💰 PROFIT: $10.85 | LEADS: 31 | EFF: 94%
2026-02-06 23:21:10,859 - 💰 PROFIT: $14.35 | LEADS: 41 | EFF: 94%
2026-02-06 23:21:18,884 - 💰 PROFIT: $9.45 | LEADS: 27 | EFF: 94%
2026-02-06 23:21:26,902 - 💰 PROFIT: $16.8 | LEADS: 48 | EFF: 94%
2026-02-06 23:21:34,923 - 💰 PROFIT: $11.2 | LEADS: 32 | EFF: 94%
2026-02-06 23:21:42,946 - 💰 PROFIT: $5.25 | LEADS: 15 | EFF: 94%
2026-02-06 23:21:50,973 - 💰 PROFIT: $7.7 | LEADS: 22 | EFF: 94%
2026-02-06 23:21:58,999 - 💰 PROFIT: $14.35 | LEADS: 41 | EFF: 94%
2026-02-06 23:22:07,015 - 💰 PROFIT: $9.8 | LEADS: 28 | EFF: 94%
2026-02-06 23:22:15,055 - 💰 PROFIT: $9.8 | LEADS: 28 | EFF: 94%
2026-02-06 23:22:23,090 - 💰 PROFIT: $9.1 | LEADS: 26 | EFF: 94%
2026-02-06 23:22:31,111 - 💰 PROFIT: $9.8 | LEADS: 28 | EFF: 94%
2026-02-06 23:22:39,139 - 💰 PROFIT: $16.8 | LEADS: 48 | EFF: 94%
2026-02-06 23:22:47,179 - 💰 PROFIT: $5.25 | LEADS: 15 | EFF: 94%
2026-02-06 23:22:55,201 - 💰 PROFIT: $10.5 | LEADS: 30 | EFF: 94%
2026-02-06 23:23:03,240 - 💰 PROFIT: $8.4 | LEADS: 24 | EFF: 94%
2026-02-06 23:23:11,275 - 💰 PROFIT: $5.6 | LEADS: 16 | EFF: 94%
2026-02-06 23:23:19,308 - 💰 PROFIT: $4.9 | LEADS: 14 | EFF: 94%
2026-02-06 23:23:27,333 - 💰 PROFIT: $4.9 | LEADS: 14 | EFF: 94%
2026-02-06 23:23:35,365 - 💰 PROFIT: $5.25 | LEADS: 15 | EFF: 94%
2026-02-06 23:23:43,398 - 💰 PROFIT: $15.4 | LEADS: 44 | EFF: 94%
2026-02-06 23:23:51,430 - 💰 PROFIT: $10.85 | LEADS: 31 | EFF: 94%
2026-02-06 23:23:59,462 - 💰 PROFIT: $14.0 | LEADS: 40 | EFF: 94%
2026-02-06 23:24:07,492 - 💰 PROFIT: $14.7 | LEADS: 42 | EFF: 94%
2026-02-06 23:24:15,519 - 💰 PROFIT: $9.1 | LEADS: 26 | EFF: 94%
2026-02-06 23:24:23,553 - 💰 PROFIT: $16.8 | LEADS: 48 | EFF: 94%
2026-02-06 23:24:31,579 - 💰 PROFIT: $11.55 | LEADS: 33 | EFF: 94%
2026-02-06 23:24:39,614 - 💰 PROFIT: $15.05 | LEADS: 43 | EFF: 94%
2026-02-06 23:24:47,652 - 💰 PROFIT: $14.0 | LEADS: 40 | EFF: 94%
2026-02-06 23:24:55,684 - 💰 PROFIT: $4.9 | LEADS: 14 | EFF: 94%
2026-02-06 23:25:03,711 - 💰 PROFIT: $9.1 | LEADS: 26 | EFF: 94%
2026-02-06 23:25:11,738 - 💰 PROFIT: $10.85 | LEADS: 31 | EFF: 94%
2026-02-06 23:25:19,765 - 💰 PROFIT: $14.0 | LEADS: 40 | EFF: 94%
2026-02-06 23:25:27,789 - 💰 PROFIT: $9.8 | LEADS: 28 | EFF: 94%
2026-02-06 23:25:35,815 - 💰 PROFIT: $15.4 | LEADS: 44 | EFF: 94%
2026-02-06 23:25:43,951 - 💰 PROFIT: $12.25 | LEADS: 35 | EFF: 94%
2026-02-06 23:25:51,977 - 💰 PROFIT: $16.8 | LEADS: 48 | EFF: 94%
2026-02-06 23:25:59,994 - 💰 PROFIT: $5.95 | LEADS: 17 | EFF: 94%
2026-02-06 23:26:08,024 - 💰 PROFIT: $4.2 | LEADS: 12 | EFF: 94%
2026-02-06 23:26:16,048 - 💰 PROFIT: $15.05 | LEADS: 43 | EFF: 94%
2026-02-06 23:26:24,089 - 💰 PROFIT: $6.3 | LEADS: 18 | EFF: 94%
2026-02-06 23:26:32,119 - 💰 PROFIT: $11.2 | LEADS: 32 | EFF: 94%
2026-02-06 23:26:40,143 - 💰 PROFIT: $9.1 | LEADS: 26 | EFF: 94%
2026-02-06 23:26:48,167 - 💰 PROFIT: $16.1 | LEADS: 46 | EFF: 94%
2026-02-06 23:26:56,200 - 💰 PROFIT: $4.2 | LEADS: 12 | EFF: 94%
2026-02-06 23:27:04,227 - 💰 PROFIT: $8.75 | LEADS: 25 | EFF: 94%
2026-02-06 23:27:12,245 - 💰 PROFIT: $4.55 | LEADS: 13 | EFF: 94%
2026-02-06 23:27:20,267 - 💰 PROFIT: $15.05 | LEADS: 43 | EFF: 94%
2026-02-06 23:27:28,287 - 💰 PROFIT: $16.1 | LEADS: 46 | EFF: 94%
2026-02-06 23:27:36,304 - 💰 PROFIT: $11.55 | LEADS: 33 | EFF: 94%
2026-02-06 23:27:44,329 - 💰 PROFIT: $4.2 | LEADS: 12 | EFF: 94%
2026-02-06 23:27:52,352 - 💰 PROFIT: $8.75 | LEADS: 25 | EFF: 94%
2026-02-06 23:28:00,377 - 💰 PROFIT: $16.1 | LEADS: 46 | EFF: 94%
2026-02-06 23:28:08,404 - 💰 PROFIT: $7.0 | LEADS: 20 | EFF: 94%
2026-02-06 23:28:16,428 - 💰 PROFIT: $14.0 | LEADS: 40 | EFF: 94%
2026-02-06 23:28:24,451 - 💰 PROFIT: $8.4 | LEADS: 24 | EFF: 94%
2026-02-06 23:28:32,466 - 💰 PROFIT: $4.2 | LEADS: 12 | EFF: 94%
2026-02-06 23:28:40,485 - 💰 PROFIT: $5.6 | LEADS: 16 | EFF: 94%
2026-02-06 23:28:48,513 - 💰 PROFIT: $9.8 | LEADS: 28 | EFF: 94%
2026-02-06 23:28:56,548 - 💰 PROFIT: $10.15 | LEADS: 29 | EFF: 94%
2026-02-06 23:29:04,572 - 💰 PROFIT: $13.3 | LEADS: 38 | EFF: 94%
2026-02-06 23:29:12,603 - 💰 PROFIT: $9.8 | LEADS: 28 | EFF: 94%
2026-02-06 23:29:20,622 - 💰 PROFIT: $12.6 | LEADS: 36 | EFF: 94%
2026-02-06 23:29:28,640 - 💰 PROFIT: $7.35 | LEADS: 21 | EFF: 94%
2026-02-06 23:29:36,761 - 💰 PROFIT: $15.05 | LEADS: 43 | EFF: 94%
2026-02-06 23:29:44,783 - 💰 PROFIT: $12.95 | LEADS: 37 | EFF: 94%
2026-02-06 23:29:52,893 - 💰 PROFIT: $15.4 | LEADS: 44 | EFF: 94%
2026-02-06 23:30:00,926 - 💰 PROFIT: $14.35 | LEADS: 41 | EFF: 94%
2026-02-06 23:30:08,950 - 💰 PROFIT: $8.4 | LEADS: 24 | EFF: 94%
2026-02-06 23:30:16,961 - 💰 PROFIT: $16.45 | LEADS: 47 | EFF: 94%
2026-02-06 23:30:24,976 - 💰 PROFIT: $11.2 | LEADS: 32 | EFF: 94%
2026-02-06 23:30:32,999 - 💰 PROFIT: $5.25 | LEADS: 15 | EFF: 94%
2026-02-06 23:30:41,022 - 💰 PROFIT: $11.55 | LEADS: 33 | EFF: 94%
2026-02-06 23:30:49,035 - 💰 PROFIT: $15.4 | LEADS: 44 | EFF: 94%
2026-02-06 23:30:57,048 - 💰 PROFIT: $11.2 | LEADS: 32 | EFF: 94%
2026-02-06 23:31:05,063 - 💰 PROFIT: $12.25 | LEADS: 35 | EFF: 94%
2026-02-06 23:31:13,069 - 💰 PROFIT: $4.9 | LEADS: 14 | EFF: 94%
2026-02-06 23:31:21,088 - 💰 PROFIT: $8.75 | LEADS: 25 | EFF: 94%
2026-02-06 23:31:29,100 - 💰 PROFIT: $4.9 | LEADS: 14 | EFF: 94%
2026-02-06 23:31:37,116 - 💰 PROFIT: $10.85 | LEADS: 31 | EFF: 94%
2026-02-06 23:31:45,136 - 💰 PROFIT: $12.6 | LEADS: 36 | EFF: 94%
2026-02-06 23:31:53,327 - 💰 PROFIT: $4.55 | LEADS: 13 | EFF: 94%
2026-02-06 23:32:01,411 - 💰 PROFIT: $12.6 | LEADS: 36 | EFF: 94%
2026-02-06 23:32:09,431 - 💰 PROFIT: $7.35 | LEADS: 21 | EFF: 94%
2026-02-06 23:32:17,457 - 💰 PROFIT: $8.05 | LEADS: 23 | EFF: 94%
2026-02-06 23:32:25,473 - 💰 PROFIT: $6.3 | LEADS: 18 | EFF: 94%
2026-02-06 23:32:33,497 - 💰 PROFIT: $15.75 | LEADS: 45 | EFF: 94%
2026-02-06 23:32:41,524 - 💰 PROFIT: $5.25 | LEADS: 15 | EFF: 94%
2026-02-06 23:32:49,540 - 💰 PROFIT: $13.65 | LEADS: 39 | EFF: 94%
2026-02-06 23:32:57,551 - 💰 PROFIT: $13.3 | LEADS: 38 | EFF: 94%
2026-02-06 23:33:05,567 - 💰 PROFIT: $12.25 | LEADS: 35 | EFF: 94%
2026-02-06 23:33:13,589 - 💰 PROFIT: $10.85 | LEADS: 31 | EFF: 94%
2026-02-06 23:33:21,618 - 💰 PROFIT: $4.2 | LEADS: 12 | EFF: 94%
2026-02-06 23:33:29,642 - 💰 PROFIT: $11.9 | LEADS: 34 | EFF: 94%
2026-02-06 23:33:37,667 - 💰 PROFIT: $10.5 | LEADS: 30 | EFF: 94%
2026-02-06 23:33:45,694 - 💰 PROFIT: $14.0 | LEADS: 40 | EFF: 94%
2026-02-06 23:33:53,712 - 💰 PROFIT: $15.4 | LEADS: 44 | EFF: 94%
2026-02-06 23:34:01,737 - 💰 PROFIT: $4.9 | LEADS: 14 | EFF: 94%
2026-02-06 23:34:09,760 - 💰 PROFIT: $4.55 | LEADS: 13 | EFF: 94%
2026-02-06 23:34:17,789 - 💰 PROFIT: $5.6 | LEADS: 16 | EFF: 94%
2026-02-06 23:34:25,811 - 💰 PROFIT: $10.5 | LEADS: 30 | EFF: 94%
2026-02-06 23:34:33,833 - 💰 PROFIT: $7.0 | LEADS: 20 | EFF: 94%
2026-02-06 23:34:41,846 - 💰 PROFIT: $4.55 | LEADS: 13 | EFF: 94%
2026-02-06 23:34:49,865 - 💰 PROFIT: $5.25 | LEADS: 15 | EFF: 94%
2026-02-06 23:34:57,890 - 💰 PROFIT: $4.9 | LEADS: 14 | EFF: 94%
2026-02-06 23:35:05,909 - 💰 PROFIT: $12.25 | LEADS: 35 | EFF: 94%
2026-02-06 23:35:13,927 - 💰 PROFIT: $7.0 | LEADS: 20 | EFF: 94%
2026-02-06 23:35:21,944 - 💰 PROFIT: $7.35 | LEADS: 21 | EFF: 94%
2026-02-06 23:35:29,998 - 💰 PROFIT: $13.3 | LEADS: 38 | EFF: 94%
2026-02-06 23:35:38,023 - 💰 PROFIT: $12.95 | LEADS: 37 | EFF: 94%
2026-02-06 23:35:46,045 - 💰 PROFIT: $7.0 | LEADS: 20 | EFF: 94%
2026-02-06 23:35:54,198 - 💰 PROFIT: $6.65 | LEADS: 19 | EFF: 94%
2026-02-06 23:36:02,238 - 💰 PROFIT: $8.05 | LEADS: 23 | EFF: 94%
2026-02-06 23:36:10,253 - 💰 PROFIT: $14.7 | LEADS: 42 | EFF: 94%
2026-02-06 23:36:18,262 - 💰 PROFIT: $15.4 | LEADS: 44 | EFF: 94%
2026-02-06 23:36:26,274 - 💰 PROFIT: $10.85 | LEADS: 31 | EFF: 94%
2026-02-06 23:36:34,295 - 💰 PROFIT: $13.65 | LEADS: 39 | EFF: 94%
2026-02-06 23:36:42,315 - 💰 PROFIT: $14.35 | LEADS: 41 | EFF: 94%
2026-02-06 23:36:50,339 - 💰 PROFIT: $15.05 | LEADS: 43 | EFF: 94%
2026-02-06 23:36:58,352 - 💰 PROFIT: $5.95 | LEADS: 17 | EFF: 94%
2026-02-06 23:37:06,373 - 💰 PROFIT: $4.2 | LEADS: 12 | EFF: 94%
2026-02-06 23:37:14,398 - 💰 PROFIT: $10.85 | LEADS: 31 | EFF: 94%
2026-02-06 23:37:22,412 - 💰 PROFIT: $7.0 | LEADS: 20 | EFF: 94%
2026-02-06 23:37:30,437 - 💰 PROFIT: $15.4 | LEADS: 44 | EFF: 94%
2026-02-06 23:37:38,458 - 💰 PROFIT: $16.8 | LEADS: 48 | EFF: 94%
2026-02-06 23:37:46,475 - 💰 PROFIT: $14.7 | LEADS: 42 | EFF: 94%
2026-02-06 23:37:54,489 - 💰 PROFIT: $7.35 | LEADS: 21 | EFF: 94%
2026-02-06 23:38:02,512 - 💰 PROFIT: $9.45 | LEADS: 27 | EFF: 94%
2026-02-06 23:38:10,636 - 💰 PROFIT: $6.3 | LEADS: 18 | EFF: 94%
2026-02-06 23:38:18,707 - 💰 PROFIT: $9.8 | LEADS: 28 | EFF: 94%
2026-02-06 23:38:26,743 - 💰 PROFIT: $4.2 | LEADS: 12 | EFF: 94%
2026-02-06 23:38:34,771 - 💰 PROFIT: $10.15 | LEADS: 29 | EFF: 94%
2026-02-06 23:38:42,800 - 💰 PROFIT: $15.4 | LEADS: 44 | EFF: 94%
2026-02-06 23:38:50,820 - 💰 PROFIT: $7.7 | LEADS: 22 | EFF: 94%
2026-02-06 23:38:58,855 - 💰 PROFIT: $7.0 | LEADS: 20 | EFF: 94%
2026-02-06 23:39:06,868 - 💰 PROFIT: $16.45 | LEADS: 47 | EFF: 94%
2026-02-06 23:39:14,885 - 💰 PROFIT: $8.4 | LEADS: 24 | EFF: 94%
2026-02-06 23:39:22,914 - 💰 PROFIT: $5.6 | LEADS: 16 | EFF: 94%
2026-02-06 23:39:30,941 - 💰 PROFIT: $11.2 | LEADS: 32 | EFF: 94%
2026-02-06 23:39:38,959 - 💰 PROFIT: $8.4 | LEADS: 24 | EFF: 94%
2026-02-06 23:39:46,971 - 💰 PROFIT: $5.25 | LEADS: 15 | EFF: 94%
2026-02-06 23:39:54,987 - 💰 PROFIT: $6.3 | LEADS: 18 | EFF: 94%
2026-02-06 23:40:03,002 - 💰 PROFIT: $11.9 | LEADS: 34 | EFF: 94%
2026-02-06 23:40:11,021 - 💰 PROFIT: $12.25 | LEADS: 35 | EFF: 94%
2026-02-06 23:40:19,036 - 💰 PROFIT: $9.45 | LEADS: 27 | EFF: 94%
2026-02-06 23:40:27,051 - 💰 PROFIT: $4.55 | LEADS: 13 | EFF: 94%
2026-02-06 23:40:35,075 - 💰 PROFIT: $8.4 | LEADS: 24 | EFF: 94%
2026-02-06 23:40:43,097 - 💰 PROFIT: $10.5 | LEADS: 30 | EFF: 94%
2026-02-06 23:40:51,127 - 💰 PROFIT: $15.4 | LEADS: 44 | EFF: 94%
2026-02-06 23:40:59,158 - 💰 PROFIT: $7.0 | LEADS: 20 | EFF: 94%
2026-02-06 23:41:07,232 - 💰 PROFIT: $16.8 | LEADS: 48 | EFF: 94%
2026-02-06 23:41:15,276 - 💰 PROFIT: $10.15 | LEADS: 29 | EFF: 94%
2026-02-06 23:41:23,402 - 💰 PROFIT: $5.95 | LEADS: 17 | EFF: 94%
2026-02-06 23:41:31,432 - 💰 PROFIT: $15.4 | LEADS: 44 | EFF: 94%
2026-02-06 23:41:39,457 - 💰 PROFIT: $7.0 | LEADS: 20 | EFF: 94%
2026-02-06 23:41:47,476 - 💰 PROFIT: $16.45 | LEADS: 47 | EFF: 94%
2026-02-06 23:41:55,565 - 💰 PROFIT: $5.25 | LEADS: 15 | EFF: 94%
2026-02-06 23:42:03,602 - 💰 PROFIT: $15.4 | LEADS: 44 | EFF: 94%
2026-02-06 23:42:11,628 - 💰 PROFIT: $8.75 | LEADS: 25 | EFF: 94%
2026-02-06 23:42:19,652 - 💰 PROFIT: $4.2 | LEADS: 12 | EFF: 94%
2026-02-06 23:42:27,668 - 💰 PROFIT: $8.75 | LEADS: 25 | EFF: 94%
2026-02-06 23:42:35,708 - 💰 PROFIT: $14.0 | LEADS: 40 | EFF: 94%
2026-02-06 23:42:43,721 - 💰 PROFIT: $7.35 | LEADS: 21 | EFF: 94%
2026-02-06 23:42:51,728 - 💰 PROFIT: $11.2 | LEADS: 32 | EFF: 94%
2026-02-06 23:42:59,737 - 💰 PROFIT: $16.45 | LEADS: 47 | EFF: 94%
2026-02-06 23:43:07,749 - 💰 PROFIT: $11.2 | LEADS: 32 | EFF: 94%
2026-02-06 23:43:15,770 - 💰 PROFIT: $8.75 | LEADS: 25 | EFF: 94%
2026-02-06 23:43:23,782 - 💰 PROFIT: $7.35 | LEADS: 21 | EFF: 94%
2026-02-06 23:43:31,801 - 💰 PROFIT: $5.6 | LEADS: 16 | EFF: 94%
2026-02-06 23:43:39,811 - 💰 PROFIT: $13.3 | LEADS: 38 | EFF: 94%
2026-02-06 23:43:47,823 - 💰 PROFIT: $10.5 | LEADS: 30 | EFF: 94%
2026-02-06 23:43:55,836 - 💰 PROFIT: $5.95 | LEADS: 17 | EFF: 94%
2026-02-06 23:44:03,863 - 💰 PROFIT: $9.1 | LEADS: 26 | EFF: 94%
2026-02-06 23:44:11,898 - 💰 PROFIT: $6.65 | LEADS: 19 | EFF: 94%
2026-02-06 23:44:19,928 - 💰 PROFIT: $7.35 | LEADS: 21 | EFF: 94%
2026-02-06 23:44:27,967 - 💰 PROFIT: $6.65 | LEADS: 19 | EFF: 94%
2026-02-06 23:44:36,002 - 💰 PROFIT: $6.3 | LEADS: 18 | EFF: 94%
2026-02-06 23:44:44,035 - 💰 PROFIT: $8.4 | LEADS: 24 | EFF: 94%
2026-02-06 23:44:52,062 - 💰 PROFIT: $9.8 | LEADS: 28 | EFF: 94%
2026-02-06 23:45:00,087 - 💰 PROFIT: $9.8 | LEADS: 28 | EFF: 94%
2026-02-06 23:45:08,111 - 💰 PROFIT: $4.9 | LEADS: 14 | EFF: 94%
2026-02-06 23:45:16,132 - 💰 PROFIT: $5.95 | LEADS: 17 | EFF: 94%
2026-02-06 23:45:24,146 - 💰 PROFIT: $15.75 | LEADS: 45 | EFF: 94%
2026-02-06 23:45:32,168 - 💰 PROFIT: $4.55 | LEADS: 13 | EFF: 94%
2026-02-06 23:45:40,179 - 💰 PROFIT: $11.2 | LEADS: 32 | EFF: 94%
2026-02-06 23:45:48,190 - 💰 PROFIT: $10.15 | LEADS: 29 | EFF: 94%
2026-02-06 23:45:56,204 - 💰 PROFIT: $13.3 | LEADS: 38 | EFF: 94%
2026-02-06 23:46:04,216 - 💰 PROFIT: $12.95 | LEADS: 37 | EFF: 94%
2026-02-06 23:46:12,223 - 💰 PROFIT: $13.3 | LEADS: 38 | EFF: 94%
2026-02-06 23:46:20,259 - 💰 PROFIT: $16.45 | LEADS: 47 | EFF: 94%
2026-02-06 23:46:28,296 - 💰 PROFIT: $9.8 | LEADS: 28 | EFF: 94%
2026-02-06 23:46:36,319 - 💰 PROFIT: $14.0 | LEADS: 40 | EFF: 94%
2026-02-06 23:46:44,350 - 💰 PROFIT: $14.0 | LEADS: 40 | EFF: 94%
2026-02-06 23:46:52,378 - 💰 PROFIT: $11.2 | LEADS: 32 | EFF: 94%
2026-02-06 23:47:00,413 - 💰 PROFIT: $16.45 | LEADS: 47 | EFF: 94%
2026-02-06 23:47:08,433 - 💰 PROFIT: $8.05 | LEADS: 23 | EFF: 94%
2026-02-06 23:47:16,460 - 💰 PROFIT: $6.65 | LEADS: 19 | EFF: 94%
2026-02-06 23:47:24,467 - 💰 PROFIT: $5.6 | LEADS: 16 | EFF: 94%
2026-02-06 23:47:32,497 - 💰 PROFIT: $15.05 | LEADS: 43 | EFF: 94%
2026-02-06 23:47:40,515 - 💰 PROFIT: $7.35 | LEADS: 21 | EFF: 94%
2026-02-06 23:47:48,529 - 💰 PROFIT: $15.4 | LEADS: 44 | EFF: 94%
2026-02-06 23:47:56,538 - 💰 PROFIT: $5.25 | LEADS: 15 | EFF: 94%
2026-02-06 23:48:04,572 - 💰 PROFIT: $8.4 | LEADS: 24 | EFF: 94%
2026-02-06 23:48:12,610 - 💰 PROFIT: $15.4 | LEADS: 44 | EFF: 94%
2026-02-06 23:48:20,670 - 💰 PROFIT: $7.7 | LEADS: 22 | EFF: 94%
2026-02-06 23:48:28,695 - 💰 PROFIT: $9.8 | LEADS: 28 | EFF: 94%
2026-02-06 23:48:36,711 - 💰 PROFIT: $13.3 | LEADS: 38 | EFF: 94%
2026-02-06 23:48:44,727 - 💰 PROFIT: $11.2 | LEADS: 32 | EFF: 94%
2026-02-06 23:48:52,748 - 💰 PROFIT: $14.7 | LEADS: 42 | EFF: 94%
2026-02-06 23:49:00,776 - 💰 PROFIT: $4.2 | LEADS: 12 | EFF: 94%
2026-02-06 23:49:08,806 - 💰 PROFIT: $16.45 | LEADS: 47 | EFF: 94%
2026-02-06 23:49:16,832 - 💰 PROFIT: $12.6 | LEADS: 36 | EFF: 94%
2026-02-06 23:49:24,856 - 💰 PROFIT: $8.4 | LEADS: 24 | EFF: 94%
2026-02-06 23:49:32,976 - 💰 PROFIT: $14.7 | LEADS: 42 | EFF: 94%
2026-02-06 23:49:41,129 - 💰 PROFIT: $4.2 | LEADS: 12 | EFF: 94%
2026-02-06 23:49:49,156 - 💰 PROFIT: $8.75 | LEADS: 25 | EFF: 94%
2026-02-06 23:49:57,182 - 💰 PROFIT: $15.4 | LEADS: 44 | EFF: 94%
2026-02-06 23:50:05,243 - 💰 PROFIT: $15.05 | LEADS: 43 | EFF: 94%
2026-02-06 23:50:13,263 - 💰 PROFIT: $14.7 | LEADS: 42 | EFF: 94%
2026-02-06 23:50:21,335 - 💰 PROFIT: $8.75 | LEADS: 25 | EFF: 94%
2026-02-06 23:50:29,343 - 💰 PROFIT: $16.8 | LEADS: 48 | EFF: 94%
2026-02-06 23:50:37,358 - 💰 PROFIT: $10.15 | LEADS: 29 | EFF: 94%
2026-02-06 23:50:45,370 - 💰 PROFIT: $12.6 | LEADS: 36 | EFF: 94%
2026-02-06 23:50:53,389 - 💰 PROFIT: $12.95 | LEADS: 37 | EFF: 94%
2026-02-06 23:51:01,421 - 💰 PROFIT: $11.2 | LEADS: 32 | EFF: 94%
2026-02-06 23:51:09,449 - 💰 PROFIT: $7.7 | LEADS: 22 | EFF: 94%
2026-02-06 23:51:17,480 - 💰 PROFIT: $10.15 | LEADS: 29 | EFF: 94%
2026-02-06 23:51:25,496 - 💰 PROFIT: $9.8 | LEADS: 28 | EFF: 94%
2026-02-06 23:51:33,505 - 💰 PROFIT: $5.25 | LEADS: 15 | EFF: 94%
2026-02-06 23:51:41,522 - 💰 PROFIT: $10.15 | LEADS: 29 | EFF: 94%
2026-02-06 23:51:49,553 - 💰 PROFIT: $8.4 | LEADS: 24 | EFF: 94%
2026-02-06 23:51:57,579 - 💰 PROFIT: $10.15 | LEADS: 29 | EFF: 94%
2026-02-06 23:52:05,668 - 💰 PROFIT: $4.2 | LEADS: 12 | EFF: 94%
2026-02-06 23:52:13,694 - 💰 PROFIT: $14.7 | LEADS: 42 | EFF: 94%
2026-02-06 23:52:21,719 - 💰 PROFIT: $15.75 | LEADS: 45 | EFF: 94%
2026-02-06 23:52:29,741 - 💰 PROFIT: $7.0 | LEADS: 20 | EFF: 94%
2026-02-06 23:52:37,774 - 💰 PROFIT: $10.15 | LEADS: 29 | EFF: 94%
2026-02-06 23:52:45,785 - 💰 PROFIT: $9.45 | LEADS: 27 | EFF: 94%
2026-02-06 23:52:53,816 - 💰 PROFIT: $14.0 | LEADS: 40 | EFF: 94%
2026-02-06 23:53:01,826 - 💰 PROFIT: $16.45 | LEADS: 47 | EFF: 94%
2026-02-06 23:53:09,837 - 💰 PROFIT: $9.8 | LEADS: 28 | EFF: 94%
2026-02-06 23:53:17,853 - 💰 PROFIT: $11.55 | LEADS: 33 | EFF: 94%
2026-02-06 23:53:25,858 - 💰 PROFIT: $12.95 | LEADS: 37 | EFF: 94%
2026-02-06 23:53:33,891 - 💰 PROFIT: $16.8 | LEADS: 48 | EFF: 94%
2026-02-06 23:53:41,912 - 💰 PROFIT: $15.75 | LEADS: 45 | EFF: 94%
2026-02-06 23:53:49,983 - 💰 PROFIT: $15.4 | LEADS: 44 | EFF: 94%
2026-02-06 23:53:58,040 - 💰 PROFIT: $8.05 | LEADS: 23 | EFF: 94%
2026-02-06 23:54:06,075 - 💰 PROFIT: $10.15 | LEADS: 29 | EFF: 94%
2026-02-06 23:54:14,087 - 💰 PROFIT: $12.6 | LEADS: 36 | EFF: 94%
2026-02-06 23:54:22,097 - 💰 PROFIT: $6.3 | LEADS: 18 | EFF: 94%
2026-02-06 23:54:30,116 - 💰 PROFIT: $16.45 | LEADS: 47 | EFF: 94%
2026-02-06 23:54:38,129 - 💰 PROFIT: $8.75 | LEADS: 25 | EFF: 94%
2026-02-06 23:54:46,157 - 💰 PROFIT: $15.4 | LEADS: 44 | EFF: 94%
2026-02-06 23:54:54,183 - 💰 PROFIT: $9.45 | LEADS: 27 | EFF: 94%
2026-02-06 23:55:02,194 - 💰 PROFIT: $16.45 | LEADS: 47 | EFF: 94%
2026-02-06 23:55:10,211 - 💰 PROFIT: $5.6 | LEADS: 16 | EFF: 94%
2026-02-06 23:55:18,315 - 💰 PROFIT: $5.6 | LEADS: 16 | EFF: 94%
2026-02-06 23:55:26,350 - 💰 PROFIT: $11.2 | LEADS: 32 | EFF: 94%
2026-02-06 23:55:34,378 - 💰 PROFIT: $13.65 | LEADS: 39 | EFF: 94%
2026-02-06 23:55:42,397 - 💰 PROFIT: $11.55 | LEADS: 33 | EFF: 94%
2026-02-06 23:55:50,417 - 💰 PROFIT: $14.0 | LEADS: 40 | EFF: 94%
2026-02-06 23:55:58,435 - 💰 PROFIT: $11.9 | LEADS: 34 | EFF: 94%
2026-02-06 23:56:06,460 - 💰 PROFIT: $11.2 | LEADS: 32 | EFF: 94%
2026-02-06 23:56:14,486 - 💰 PROFIT: $10.15 | LEADS: 29 | EFF: 94%
2026-02-06 23:56:22,499 - 💰 PROFIT: $14.0 | LEADS: 40 | EFF: 94%
2026-02-06 23:56:30,522 - 💰 PROFIT: $15.4 | LEADS: 44 | EFF: 94%
2026-02-06 23:56:38,550 - 💰 PROFIT: $6.65 | LEADS: 19 | EFF: 94%
2026-02-06 23:56:46,558 - 💰 PROFIT: $15.75 | LEADS: 45 | EFF: 94%
2026-02-06 23:56:54,566 - 💰 PROFIT: $4.2 | LEADS: 12 | EFF: 94%
2026-02-06 23:57:02,590 - 💰 PROFIT: $16.8 | LEADS: 48 | EFF: 94%
2026-02-06 23:57:10,618 - 💰 PROFIT: $5.6 | LEADS: 16 | EFF: 94%
2026-02-06 23:57:18,640 - 💰 PROFIT: $11.9 | LEADS: 34 | EFF: 94%
2026-02-06 23:57:26,659 - 💰 PROFIT: $10.85 | LEADS: 31 | EFF: 94%
2026-02-06 23:57:34,679 - 💰 PROFIT: $8.75 | LEADS: 25 | EFF: 94%
2026-02-06 23:57:42,692 - 💰 PROFIT: $9.8 | LEADS: 28 | EFF: 94%
2026-02-06 23:57:50,748 - 💰 PROFIT: $11.2 | LEADS: 32 | EFF: 94%
2026-02-06 23:57:58,768 - 💰 PROFIT: $4.9 | LEADS: 14 | EFF: 94%
2026-02-06 23:58:06,791 - 💰 PROFIT: $11.9 | LEADS: 34 | EFF: 94%
2026-02-06 23:58:14,823 - 💰 PROFIT: $16.45 | LEADS: 47 | EFF: 94%
2026-02-06 23:58:22,843 - 💰 PROFIT: $4.9 | LEADS: 14 | EFF: 94%
2026-02-06 23:58:30,872 - 💰 PROFIT: $13.3 | LEADS: 38 | EFF: 94%
2026-02-06 23:58:38,912 - 💰 PROFIT: $7.0 | LEADS: 20 | EFF: 94%
2026-02-06 23:58:46,938 - 💰 PROFIT: $15.05 | LEADS: 43 | EFF: 94%
2026-02-06 23:58:54,965 - 💰 PROFIT: $13.65 | LEADS: 39 | EFF: 94%
2026-02-06 23:59:02,997 - 💰 PROFIT: $11.2 | LEADS: 32 | EFF: 94%
2026-02-06 23:59:11,014 - 💰 PROFIT: $7.7 | LEADS: 22 | EFF: 94%
2026-02-06 23:59:19,030 - 💰 PROFIT: $8.75 | LEADS: 25 | EFF: 94%
2026-02-06 23:59:27,052 - 💰 PROFIT: $4.2 | LEADS: 12 | EFF: 94%
2026-02-06 23:59:35,160 - 💰 PROFIT: $12.95 | LEADS: 37 | EFF: 94%
2026-02-06 23:59:43,250 - 💰 PROFIT: $16.45 | LEADS: 47 | EFF: 94%
2026-02-06 23:59:51,291 - 💰 PROFIT: $8.05 | LEADS: 23 | EFF: 94%
2026-02-06 23:59:59,308 - 💰 PROFIT: $9.8 | LEADS: 28 | EFF: 94%
2026-02-07 00:00:07,324 - 💰 PROFIT: $10.15 | LEADS: 29 | EFF: 94%
2026-02-07 00:00:15,334 - 💰 PROFIT: $10.5 | LEADS: 30 | EFF: 94%
2026-02-07 00:00:23,371 - 💰 PROFIT: $15.05 | LEADS: 43 | EFF: 94%
2026-02-07 00:00:31,403 - 💰 PROFIT: $16.8 | LEADS: 48 | EFF: 94%
2026-02-07 00:00:39,432 - 💰 PROFIT: $13.65 | LEADS: 39 | EFF: 94%
2026-02-07 00:00:47,448 - 💰 PROFIT: $11.2 | LEADS: 32 | EFF: 94%
2026-02-07 00:00:55,477 - 💰 PROFIT: $15.75 | LEADS: 45 | EFF: 94%
2026-02-07 00:01:03,505 - 💰 PROFIT: $4.9 | LEADS: 14 | EFF: 94%
2026-02-07 00:01:11,552 - 💰 PROFIT: $5.6 | LEADS: 16 | EFF: 94%
2026-02-07 00:01:19,574 - 💰 PROFIT: $4.55 | LEADS: 13 | EFF: 94%
2026-02-07 00:01:27,590 - 💰 PROFIT: $8.05 | LEADS: 23 | EFF: 94%
2026-02-07 00:01:35,609 - 💰 PROFIT: $15.75 | LEADS: 45 | EFF: 94%
2026-02-07 00:01:43,622 - 💰 PROFIT: $11.2 | LEADS: 32 | EFF: 94%
2026-02-07 00:01:51,635 - 💰 PROFIT: $9.45 | LEADS: 27 | EFF: 94%
2026-02-07 00:01:59,642 - 💰 PROFIT: $9.8 | LEADS: 28 | EFF: 94%
2026-02-07 00:02:07,657 - 💰 PROFIT: $15.4 | LEADS: 44 | EFF: 94%
2026-02-07 00:02:15,663 - 💰 PROFIT: $7.35 | LEADS: 21 | EFF: 94%
2026-02-07 00:02:23,670 - 💰 PROFIT: $5.6 | LEADS: 16 | EFF: 94%
2026-02-07 00:02:31,680 - 💰 PROFIT: $15.05 | LEADS: 43 | EFF: 94%
2026-02-07 00:02:39,702 - 💰 PROFIT: $12.6 | LEADS: 36 | EFF: 94%
2026-02-07 00:02:47,709 - 💰 PROFIT: $5.6 | LEADS: 16 | EFF: 94%
2026-02-07 00:02:55,720 - 💰 PROFIT: $9.8 | LEADS: 28 | EFF: 94%
2026-02-07 00:03:03,729 - 💰 PROFIT: $14.0 | LEADS: 40 | EFF: 94%
2026-02-07 00:03:11,755 - 💰 PROFIT: $9.8 | LEADS: 28 | EFF: 94%
2026-02-07 00:03:19,765 - 💰 PROFIT: $12.25 | LEADS: 35 | EFF: 94%
2026-02-07 00:03:27,777 - 💰 PROFIT: $9.45 | LEADS: 27 | EFF: 94%
2026-02-07 00:03:35,786 - 💰 PROFIT: $7.0 | LEADS: 20 | EFF: 94%
2026-02-07 00:03:43,797 - 💰 PROFIT: $8.4 | LEADS: 24 | EFF: 94%
2026-02-07 00:03:51,807 - 💰 PROFIT: $11.9 | LEADS: 34 | EFF: 94%
2026-02-07 00:03:59,828 - 💰 PROFIT: $12.6 | LEADS: 36 | EFF: 94%
2026-02-07 00:04:07,834 - 💰 PROFIT: $10.15 | LEADS: 29 | EFF: 94%
2026-02-07 00:04:15,846 - 💰 PROFIT: $12.6 | LEADS: 36 | EFF: 94%
2026-02-07 00:04:23,855 - 💰 PROFIT: $14.0 | LEADS: 40 | EFF: 94%
2026-02-07 00:04:31,865 - 💰 PROFIT: $16.45 | LEADS: 47 | EFF: 94%
2026-02-07 00:04:39,871 - 💰 PROFIT: $6.65 | LEADS: 19 | EFF: 94%
2026-02-07 00:04:47,880 - 💰 PROFIT: $5.6 | LEADS: 16 | EFF: 94%
2026-02-07 00:04:55,903 - 💰 PROFIT: $9.8 | LEADS: 28 | EFF: 94%
2026-02-07 00:05:03,934 - 💰 PROFIT: $7.0 | LEADS: 20 | EFF: 94%
2026-02-07 00:05:11,960 - 💰 PROFIT: $11.55 | LEADS: 33 | EFF: 94%
2026-02-07 00:05:19,985 - 💰 PROFIT: $5.6 | LEADS: 16 | EFF: 94%
2026-02-07 00:05:28,012 - 💰 PROFIT: $9.8 | LEADS: 28 | EFF: 94%
2026-02-07 00:05:36,038 - 💰 PROFIT: $12.6 | LEADS: 36 | EFF: 94%
2026-02-07 00:05:44,064 - 💰 PROFIT: $11.2 | LEADS: 32 | EFF: 94%
2026-02-07 00:05:52,083 - 💰 PROFIT: $6.65 | LEADS: 19 | EFF: 94%
2026-02-07 00:06:00,093 - 💰 PROFIT: $14.0 | LEADS: 40 | EFF: 94%
2026-02-07 00:06:08,109 - 💰 PROFIT: $11.2 | LEADS: 32 | EFF: 94%
2026-02-07 00:06:16,139 - 💰 PROFIT: $11.9 | LEADS: 34 | EFF: 94%
2026-02-07 00:06:24,156 - 💰 PROFIT: $15.05 | LEADS: 43 | EFF: 94%
2026-02-07 00:06:32,188 - 💰 PROFIT: $16.8 | LEADS: 48 | EFF: 94%
2026-02-07 00:06:40,214 - 💰 PROFIT: $12.6 | LEADS: 36 | EFF: 94%
2026-02-07 00:06:48,222 - 💰 PROFIT: $5.25 | LEADS: 15 | EFF: 94%
2026-02-07 00:06:56,243 - 💰 PROFIT: $10.85 | LEADS: 31 | EFF: 94%
2026-02-07 00:07:04,259 - 💰 PROFIT: $7.0 | LEADS: 20 | EFF: 94%
2026-02-07 00:07:12,277 - 💰 PROFIT: $15.05 | LEADS: 43 | EFF: 94%
2026-02-07 00:07:20,290 - 💰 PROFIT: $4.2 | LEADS: 12 | EFF: 94%
2026-02-07 00:07:28,306 - 💰 PROFIT: $7.0 | LEADS: 20 | EFF: 94%
2026-02-07 00:07:36,323 - 💰 PROFIT: $12.6 | LEADS: 36 | EFF: 94%
2026-02-07 00:07:44,359 - 💰 PROFIT: $14.0 | LEADS: 40 | EFF: 94%
2026-02-07 00:07:52,377 - 💰 PROFIT: $9.8 | LEADS: 28 | EFF: 94%
2026-02-07 00:08:00,394 - 💰 PROFIT: $4.55 | LEADS: 13 | EFF: 94%
2026-02-07 00:08:08,411 - 💰 PROFIT: $7.0 | LEADS: 20 | EFF: 94%
2026-02-07 00:08:16,427 - 💰 PROFIT: $13.65 | LEADS: 39 | EFF: 94%
2026-02-07 00:08:24,491 - 💰 PROFIT: $15.05 | LEADS: 43 | EFF: 94%
2026-02-07 00:08:32,517 - 💰 PROFIT: $5.6 | LEADS: 16 | EFF: 94%
2026-02-07 00:08:40,550 - 💰 PROFIT: $6.3 | LEADS: 18 | EFF: 94%
2026-02-07 00:08:48,577 - 💰 PROFIT: $4.55 | LEADS: 13 | EFF: 94%
2026-02-07 00:08:56,608 - 💰 PROFIT: $15.4 | LEADS: 44 | EFF: 94%
2026-02-07 00:09:04,616 - 💰 PROFIT: $11.9 | LEADS: 34 | EFF: 94%
2026-02-07 00:09:12,633 - 💰 PROFIT: $7.35 | LEADS: 21 | EFF: 94%
2026-02-07 00:09:20,664 - 💰 PROFIT: $11.9 | LEADS: 34 | EFF: 94%
2026-02-07 00:09:28,681 - 💰 PROFIT: $11.55 | LEADS: 33 | EFF: 94%
2026-02-07 00:09:36,699 - 💰 PROFIT: $4.2 | LEADS: 12 | EFF: 94%
2026-02-07 00:09:44,727 - 💰 PROFIT: $8.75 | LEADS: 25 | EFF: 94%
2026-02-07 00:09:52,749 - 💰 PROFIT: $10.85 | LEADS: 31 | EFF: 94%
2026-02-07 00:10:00,770 - 💰 PROFIT: $16.8 | LEADS: 48 | EFF: 94%
2026-02-07 00:10:08,785 - 💰 PROFIT: $15.75 | LEADS: 45 | EFF: 94%
2026-02-07 00:10:16,801 - 💰 PROFIT: $12.6 | LEADS: 36 | EFF: 94%
2026-02-07 00:10:24,817 - 💰 PROFIT: $14.0 | LEADS: 40 | EFF: 94%
2026-02-07 00:10:32,833 - 💰 PROFIT: $16.8 | LEADS: 48 | EFF: 94%
2026-02-07 00:10:40,854 - 💰 PROFIT: $5.6 | LEADS: 16 | EFF: 94%
2026-02-07 00:10:48,883 - 💰 PROFIT: $10.85 | LEADS: 31 | EFF: 94%
2026-02-07 00:10:56,907 - 💰 PROFIT: $5.6 | LEADS: 16 | EFF: 94%
2026-02-07 00:11:04,931 - 💰 PROFIT: $5.6 | LEADS: 16 | EFF: 94%
2026-02-07 00:11:12,957 - 💰 PROFIT: $10.85 | LEADS: 31 | EFF: 94%
2026-02-07 00:11:20,990 - 💰 PROFIT: $7.0 | LEADS: 20 | EFF: 94%
2026-02-07 00:11:29,017 - 💰 PROFIT: $5.6 | LEADS: 16 | EFF: 94%
2026-02-07 00:11:37,040 - 💰 PROFIT: $8.4 | LEADS: 24 | EFF: 94%
2026-02-07 00:11:45,057 - 💰 PROFIT: $4.2 | LEADS: 12 | EFF: 94%
2026-02-07 00:11:53,073 - 💰 PROFIT: $11.55 | LEADS: 33 | EFF: 94%
2026-02-07 00:12:01,087 - 💰 PROFIT: $5.6 | LEADS: 16 | EFF: 94%
2026-02-07 00:12:09,108 - 💰 PROFIT: $10.15 | LEADS: 29 | EFF: 94%
2026-02-07 00:12:17,121 - 💰 PROFIT: $9.8 | LEADS: 28 | EFF: 94%
2026-02-07 00:12:25,146 - 💰 PROFIT: $14.7 | LEADS: 42 | EFF: 94%
2026-02-07 00:12:33,158 - 💰 PROFIT: $12.25 | LEADS: 35 | EFF: 94%
2026-02-07 00:12:41,183 - 💰 PROFIT: $7.0 | LEADS: 20 | EFF: 94%
2026-02-07 00:12:49,217 - 💰 PROFIT: $15.05 | LEADS: 43 | EFF: 94%
2026-02-07 00:12:57,246 - 💰 PROFIT: $11.2 | LEADS: 32 | EFF: 94%
2026-02-07 00:13:05,273 - 💰 PROFIT: $14.0 | LEADS: 40 | EFF: 94%
2026-02-07 00:13:13,286 - 💰 PROFIT: $11.55 | LEADS: 33 | EFF: 94%
2026-02-07 00:13:21,299 - 💰 PROFIT: $7.0 | LEADS: 20 | EFF: 94%
2026-02-07 00:13:29,306 - 💰 PROFIT: $5.95 | LEADS: 17 | EFF: 94%
2026-02-07 00:13:37,320 - 💰 PROFIT: $15.4 | LEADS: 44 | EFF: 94%
2026-02-07 00:13:45,334 - 💰 PROFIT: $11.55 | LEADS: 33 | EFF: 94%
2026-02-07 00:13:53,353 - 💰 PROFIT: $9.8 | LEADS: 28 | EFF: 94%
2026-02-07 00:14:01,364 - 💰 PROFIT: $8.4 | LEADS: 24 | EFF: 94%
2026-02-07 00:14:09,380 - 💰 PROFIT: $11.2 | LEADS: 32 | EFF: 94%
2026-02-07 00:14:17,396 - 💰 PROFIT: $13.3 | LEADS: 38 | EFF: 94%
2026-02-07 00:14:25,416 - 💰 PROFIT: $8.4 | LEADS: 24 | EFF: 94%
2026-02-07 00:14:33,444 - 💰 PROFIT: $11.2 | LEADS: 32 | EFF: 94%
2026-02-07 00:14:41,471 - 💰 PROFIT: $10.5 | LEADS: 30 | EFF: 94%
2026-02-07 00:14:49,504 - 💰 PROFIT: $8.4 | LEADS: 24 | EFF: 94%
2026-02-07 00:14:57,528 - 💰 PROFIT: $5.6 | LEADS: 16 | EFF: 94%
2026-02-07 00:15:05,564 - 💰 PROFIT: $10.85 | LEADS: 31 | EFF: 94%
2026-02-07 00:15:13,588 - 💰 PROFIT: $4.55 | LEADS: 13 | EFF: 94%
2026-02-07 00:15:21,620 - 💰 PROFIT: $7.0 | LEADS: 20 | EFF: 94%
2026-02-07 00:15:29,647 - 💰 PROFIT: $8.4 | LEADS: 24 | EFF: 94%
2026-02-07 00:15:37,669 - 💰 PROFIT: $15.4 | LEADS: 44 | EFF: 94%
2026-02-07 00:15:45,687 - 💰 PROFIT: $12.95 | LEADS: 37 | EFF: 94%
2026-02-07 00:15:53,704 - 💰 PROFIT: $4.9 | LEADS: 14 | EFF: 94%
2026-02-07 00:16:01,723 - 💰 PROFIT: $10.5 | LEADS: 30 | EFF: 94%
2026-02-07 00:16:09,737 - 💰 PROFIT: $5.6 | LEADS: 16 | EFF: 94%
2026-02-07 00:16:17,752 - 💰 PROFIT: $11.9 | LEADS: 34 | EFF: 94%
2026-02-07 00:16:25,767 - 💰 PROFIT: $4.2 | LEADS: 12 | EFF: 94%
2026-02-07 00:16:33,784 - 💰 PROFIT: $5.6 | LEADS: 16 | EFF: 94%
2026-02-07 00:16:41,797 - 💰 PROFIT: $8.75 | LEADS: 25 | EFF: 94%
2026-02-07 00:16:49,813 - 💰 PROFIT: $15.75 | LEADS: 45 | EFF: 94%
2026-02-07 00:16:57,828 - 💰 PROFIT: $9.1 | LEADS: 26 | EFF: 94%
2026-02-07 00:17:05,841 - 💰 PROFIT: $14.0 | LEADS: 40 | EFF: 94%
2026-02-07 00:17:13,858 - 💰 PROFIT: $15.4 | LEADS: 44 | EFF: 94%
2026-02-07 00:17:21,875 - 💰 PROFIT: $16.1 | LEADS: 46 | EFF: 94%
2026-02-07 00:17:29,890 - 💰 PROFIT: $7.7 | LEADS: 22 | EFF: 94%
2026-02-07 00:17:37,904 - 💰 PROFIT: $16.8 | LEADS: 48 | EFF: 94%
2026-02-07 00:17:45,920 - 💰 PROFIT: $16.1 | LEADS: 46 | EFF: 94%
2026-02-07 00:17:53,937 - 💰 PROFIT: $4.55 | LEADS: 13 | EFF: 94%
2026-02-07 00:18:01,950 - 💰 PROFIT: $9.8 | LEADS: 28 | EFF: 94%
2026-02-07 00:18:09,963 - 💰 PROFIT: $11.55 | LEADS: 33 | EFF: 94%
2026-02-07 00:18:17,978 - 💰 PROFIT: $11.2 | LEADS: 32 | EFF: 94%
2026-02-07 00:18:55,325 - 💰 PROFIT: $7.35 | LEADS: 21 | EFF: 94%
2026-02-07 00:19:03,331 - 💰 PROFIT: $15.4 | LEADS: 44 | EFF: 94%
2026-02-07 00:19:11,341 - 💰 PROFIT: $15.75 | LEADS: 45 | EFF: 94%
2026-02-07 00:19:19,351 - 💰 PROFIT: $15.05 | LEADS: 43 | EFF: 94%
2026-02-07 00:19:27,385 - 💰 PROFIT: $12.25 | LEADS: 35 | EFF: 94%
2026-02-07 00:19:35,413 - 💰 PROFIT: $13.3 | LEADS: 38 | EFF: 94%
2026-02-07 00:19:43,435 - 💰 PROFIT: $11.9 | LEADS: 34 | EFF: 94%
2026-02-07 00:19:51,449 - 💰 PROFIT: $11.9 | LEADS: 34 | EFF: 94%
2026-02-07 00:19:59,456 - 💰 PROFIT: $14.0 | LEADS: 40 | EFF: 94%
2026-02-07 00:20:07,468 - 💰 PROFIT: $13.65 | LEADS: 39 | EFF: 94%
2026-02-07 00:20:15,482 - 💰 PROFIT: $4.9 | LEADS: 14 | EFF: 94%
2026-02-07 00:20:23,493 - 💰 PROFIT: $14.0 | LEADS: 40 | EFF: 94%
2026-02-07 00:20:31,507 - 💰 PROFIT: $15.4 | LEADS: 44 | EFF: 94%
2026-02-07 00:20:39,523 - 💰 PROFIT: $9.1 | LEADS: 26 | EFF: 94%
2026-02-07 00:20:47,548 - 💰 PROFIT: $7.35 | LEADS: 21 | EFF: 94%
2026-02-07 00:20:55,572 - 💰 PROFIT: $14.0 | LEADS: 40 | EFF: 94%
2026-02-07 00:21:03,594 - 💰 PROFIT: $7.0 | LEADS: 20 | EFF: 94%
2026-02-07 00:21:11,606 - 💰 PROFIT: $15.05 | LEADS: 43 | EFF: 94%
2026-02-07 00:21:19,623 - 💰 PROFIT: $9.8 | LEADS: 28 | EFF: 94%
2026-02-07 00:21:27,642 - 💰 PROFIT: $9.1 | LEADS: 26 | EFF: 94%
2026-02-07 00:21:35,669 - 💰 PROFIT: $6.65 | LEADS: 19 | EFF: 94%
2026-02-07 00:21:43,683 - 💰 PROFIT: $10.85 | LEADS: 31 | EFF: 94%
2026-02-07 00:21:51,690 - 💰 PROFIT: $8.75 | LEADS: 25 | EFF: 94%
2026-02-07 00:21:59,709 - 💰 PROFIT: $15.4 | LEADS: 44 | EFF: 94%
2026-02-07 00:22:07,724 - 💰 PROFIT: $14.0 | LEADS: 40 | EFF: 94%
2026-02-07 00:22:15,755 - 💰 PROFIT: $10.15 | LEADS: 29 | EFF: 94%
2026-02-07 00:22:23,778 - 💰 PROFIT: $9.45 | LEADS: 27 | EFF: 94%
2026-02-07 00:22:31,831 - 💰 PROFIT: $14.0 | LEADS: 40 | EFF: 94%
2026-02-07 00:22:39,866 - 💰 PROFIT: $10.5 | LEADS: 30 | EFF: 94%
2026-02-07 00:22:47,889 - 💰 PROFIT: $8.05 | LEADS: 23 | EFF: 94%
2026-02-07 00:22:55,898 - 💰 PROFIT: $8.4 | LEADS: 24 | EFF: 94%
2026-02-07 00:23:03,919 - 💰 PROFIT: $8.4 | LEADS: 24 | EFF: 94%
2026-02-07 00:23:11,930 - 💰 PROFIT: $11.9 | LEADS: 34 | EFF: 94%
2026-02-07 00:23:19,960 - 💰 PROFIT: $13.3 | LEADS: 38 | EFF: 94%
2026-02-07 00:23:27,967 - 💰 PROFIT: $5.6 | LEADS: 16 | EFF: 94%
2026-02-07 00:23:35,977 - 💰 PROFIT: $16.1 | LEADS: 46 | EFF: 94%
2026-02-07 00:23:44,004 - 💰 PROFIT: $15.4 | LEADS: 44 | EFF: 94%
2026-02-07 00:23:52,032 - 💰 PROFIT: $14.0 | LEADS: 40 | EFF: 94%
2026-02-07 00:24:00,059 - 💰 PROFIT: $7.7 | LEADS: 22 | EFF: 94%
2026-02-07 00:24:08,067 - 💰 PROFIT: $7.7 | LEADS: 22 | EFF: 94%
2026-02-07 00:24:16,092 - 💰 PROFIT: $15.05 | LEADS: 43 | EFF: 94%
2026-02-07 00:24:24,105 - 💰 PROFIT: $9.8 | LEADS: 28 | EFF: 94%
2026-02-07 00:24:32,120 - 💰 PROFIT: $16.45 | LEADS: 47 | EFF: 94%
2026-02-07 00:24:40,152 - 💰 PROFIT: $12.95 | LEADS: 37 | EFF: 94%
2026-02-07 00:24:48,167 - 💰 PROFIT: $6.65 | LEADS: 19 | EFF: 94%
2026-02-07 00:24:56,180 - 💰 PROFIT: $9.1 | LEADS: 26 | EFF: 94%
2026-02-07 00:25:04,206 - 💰 PROFIT: $16.45 | LEADS: 47 | EFF: 94%
2026-02-07 00:25:12,227 - 💰 PROFIT: $11.55 | LEADS: 33 | EFF: 94%
2026-02-07 00:25:20,245 - 💰 PROFIT: $5.6 | LEADS: 16 | EFF: 94%
2026-02-07 00:25:28,269 - 💰 PROFIT: $12.6 | LEADS: 36 | EFF: 94%
2026-02-07 00:25:36,292 - 💰 PROFIT: $9.8 | LEADS: 28 | EFF: 94%
2026-02-07 00:25:44,303 - 💰 PROFIT: $7.0 | LEADS: 20 | EFF: 94%
2026-02-07 00:25:52,312 - 💰 PROFIT: $7.7 | LEADS: 22 | EFF: 94%
2026-02-07 00:26:00,331 - 💰 PROFIT: $9.8 | LEADS: 28 | EFF: 94%
2026-02-07 00:26:08,357 - 💰 PROFIT: $6.65 | LEADS: 19 | EFF: 94%
2026-02-07 00:26:16,383 - 💰 PROFIT: $16.1 | LEADS: 46 | EFF: 94%
2026-02-07 00:26:24,403 - 💰 PROFIT: $7.35 | LEADS: 21 | EFF: 94%
2026-02-07 00:26:32,428 - 💰 PROFIT: $13.3 | LEADS: 38 | EFF: 94%
2026-02-07 00:26:40,446 - 💰 PROFIT: $15.4 | LEADS: 44 | EFF: 94%
2026-02-07 00:26:48,477 - 💰 PROFIT: $5.95 | LEADS: 17 | EFF: 94%
2026-02-07 00:26:56,513 - 💰 PROFIT: $4.2 | LEADS: 12 | EFF: 94%
2026-02-07 00:27:04,543 - 💰 PROFIT: $11.9 | LEADS: 34 | EFF: 94%
2026-02-07 00:27:12,572 - 💰 PROFIT: $16.1 | LEADS: 46 | EFF: 94%
2026-02-07 00:27:20,596 - 💰 PROFIT: $4.55 | LEADS: 13 | EFF: 94%
2026-02-07 00:27:28,618 - 💰 PROFIT: $5.6 | LEADS: 16 | EFF: 94%
2026-02-07 00:27:36,636 - 💰 PROFIT: $11.2 | LEADS: 32 | EFF: 94%
2026-02-07 00:27:44,642 - 💰 PROFIT: $14.35 | LEADS: 41 | EFF: 94%
2026-02-07 00:27:52,662 - 💰 PROFIT: $15.4 | LEADS: 44 | EFF: 94%
2026-02-07 00:28:00,686 - 💰 PROFIT: $11.2 | LEADS: 32 | EFF: 94%
2026-02-07 00:28:08,702 - 💰 PROFIT: $6.65 | LEADS: 19 | EFF: 94%
2026-02-07 00:28:16,730 - 💰 PROFIT: $14.0 | LEADS: 40 | EFF: 94%
2026-02-07 00:28:24,749 - 💰 PROFIT: $11.2 | LEADS: 32 | EFF: 94%
2026-02-07 00:28:32,764 - 💰 PROFIT: $9.8 | LEADS: 28 | EFF: 94%
2026-02-07 00:28:40,792 - 💰 PROFIT: $12.6 | LEADS: 36 | EFF: 94%
2026-02-07 00:28:48,803 - 💰 PROFIT: $9.8 | LEADS: 28 | EFF: 94%
2026-02-07 00:28:56,811 - 💰 PROFIT: $12.25 | LEADS: 35 | EFF: 94%
2026-02-07 00:29:04,827 - 💰 PROFIT: $14.7 | LEADS: 42 | EFF: 94%
2026-02-07 00:29:12,889 - 💰 PROFIT: $5.25 | LEADS: 15 | EFF: 94%
2026-02-07 00:29:20,904 - 💰 PROFIT: $4.2 | LEADS: 12 | EFF: 94%
2026-02-07 00:29:28,928 - 💰 PROFIT: $9.8 | LEADS: 28 | EFF: 94%
2026-02-07 00:29:36,945 - 💰 PROFIT: $16.1 | LEADS: 46 | EFF: 94%
2026-02-07 00:29:44,966 - 💰 PROFIT: $11.55 | LEADS: 33 | EFF: 94%
2026-02-07 00:29:52,978 - 💰 PROFIT: $11.2 | LEADS: 32 | EFF: 94%
2026-02-07 00:30:01,003 - 💰 PROFIT: $16.45 | LEADS: 47 | EFF: 94%
2026-02-07 00:30:09,010 - 💰 PROFIT: $13.65 | LEADS: 39 | EFF: 94%
2026-02-07 00:30:17,022 - 💰 PROFIT: $8.4 | LEADS: 24 | EFF: 94%
2026-02-07 00:30:25,040 - 💰 PROFIT: $13.65 | LEADS: 39 | EFF: 94%
2026-02-07 00:30:33,070 - 💰 PROFIT: $6.65 | LEADS: 19 | EFF: 94%
2026-02-07 00:30:41,096 - 💰 PROFIT: $6.3 | LEADS: 18 | EFF: 94%
2026-02-07 00:30:49,119 - 💰 PROFIT: $16.1 | LEADS: 46 | EFF: 94%
2026-02-07 00:30:57,132 - 💰 PROFIT: $10.5 | LEADS: 30 | EFF: 94%
2026-02-07 00:31:05,154 - 💰 PROFIT: $12.6 | LEADS: 36 | EFF: 94%
2026-02-07 00:31:13,168 - 💰 PROFIT: $14.0 | LEADS: 40 | EFF: 94%
2026-02-07 00:31:21,191 - 💰 PROFIT: $15.4 | LEADS: 44 | EFF: 94%
2026-02-07 00:31:29,201 - 💰 PROFIT: $15.75 | LEADS: 45 | EFF: 94%
2026-02-07 00:31:37,218 - 💰 PROFIT: $16.1 | LEADS: 46 | EFF: 94%
2026-02-07 00:31:45,231 - 💰 PROFIT: $8.4 | LEADS: 24 | EFF: 94%
2026-02-07 00:31:53,263 - 💰 PROFIT: $8.05 | LEADS: 23 | EFF: 94%
2026-02-07 00:32:01,290 - 💰 PROFIT: $5.25 | LEADS: 15 | EFF: 94%
2026-02-07 00:32:09,304 - 💰 PROFIT: $14.35 | LEADS: 41 | EFF: 94%
2026-02-07 00:32:17,337 - 💰 PROFIT: $13.3 | LEADS: 38 | EFF: 94%
2026-02-07 00:32:25,360 - 💰 PROFIT: $16.8 | LEADS: 48 | EFF: 94%
2026-02-07 00:32:33,392 - 💰 PROFIT: $11.2 | LEADS: 32 | EFF: 94%
2026-02-07 00:32:41,420 - 💰 PROFIT: $12.95 | LEADS: 37 | EFF: 94%
2026-02-07 00:32:49,440 - 💰 PROFIT: $7.0 | LEADS: 20 | EFF: 94%
2026-02-07 00:32:57,455 - 💰 PROFIT: $16.1 | LEADS: 46 | EFF: 94%
2026-02-07 00:33:05,481 - 💰 PROFIT: $10.85 | LEADS: 31 | EFF: 94%
2026-02-07 00:33:13,511 - 💰 PROFIT: $7.35 | LEADS: 21 | EFF: 94%
2026-02-07 00:33:21,539 - 💰 PROFIT: $15.4 | LEADS: 44 | EFF: 94%
2026-02-07 00:33:29,567 - 💰 PROFIT: $4.55 | LEADS: 13 | EFF: 94%
2026-02-07 00:33:37,594 - 💰 PROFIT: $14.0 | LEADS: 40 | EFF: 94%
2026-02-07 00:33:45,614 - 💰 PROFIT: $9.1 | LEADS: 26 | EFF: 94%
2026-02-07 00:33:53,631 - 💰 PROFIT: $12.6 | LEADS: 36 | EFF: 94%
2026-02-07 00:34:01,652 - 💰 PROFIT: $5.6 | LEADS: 16 | EFF: 94%
2026-02-07 00:34:09,676 - 💰 PROFIT: $7.35 | LEADS: 21 | EFF: 94%
2026-02-07 00:34:17,700 - 💰 PROFIT: $10.5 | LEADS: 30 | EFF: 94%
2026-02-07 00:34:25,717 - 💰 PROFIT: $11.2 | LEADS: 32 | EFF: 94%
2026-02-07 00:34:33,740 - 💰 PROFIT: $16.1 | LEADS: 46 | EFF: 94%
2026-02-07 00:34:41,766 - 💰 PROFIT: $14.35 | LEADS: 41 | EFF: 94%
2026-02-07 00:34:49,788 - 💰 PROFIT: $14.35 | LEADS: 41 | EFF: 94%
2026-02-07 00:34:57,810 - 💰 PROFIT: $14.0 | LEADS: 40 | EFF: 94%
2026-02-07 00:35:05,824 - 💰 PROFIT: $9.1 | LEADS: 26 | EFF: 94%
2026-02-07 00:35:13,850 - 💰 PROFIT: $15.05 | LEADS: 43 | EFF: 94%
2026-02-07 00:35:21,869 - 💰 PROFIT: $7.0 | LEADS: 20 | EFF: 94%
2026-02-07 00:35:29,887 - 💰 PROFIT: $4.2 | LEADS: 12 | EFF: 94%
2026-02-07 00:35:37,917 - 💰 PROFIT: $15.4 | LEADS: 44 | EFF: 94%
2026-02-07 00:35:45,932 - 💰 PROFIT: $15.05 | LEADS: 43 | EFF: 94%
2026-02-07 00:35:53,940 - 💰 PROFIT: $8.4 | LEADS: 24 | EFF: 94%
2026-02-07 00:36:01,969 - 💰 PROFIT: $14.7 | LEADS: 42 | EFF: 94%
2026-02-07 00:36:09,981 - 💰 PROFIT: $12.6 | LEADS: 36 | EFF: 94%
2026-02-07 00:36:17,998 - 💰 PROFIT: $4.9 | LEADS: 14 | EFF: 94%
2026-02-07 00:36:26,042 - 💰 PROFIT: $16.45 | LEADS: 47 | EFF: 94%
2026-02-07 00:36:34,073 - 💰 PROFIT: $8.4 | LEADS: 24 | EFF: 94%
2026-02-07 00:36:42,087 - 💰 PROFIT: $12.95 | LEADS: 37 | EFF: 94%
2026-02-07 00:36:50,105 - 💰 PROFIT: $8.05 | LEADS: 23 | EFF: 94%
2026-02-07 00:36:58,151 - 💰 PROFIT: $4.2 | LEADS: 12 | EFF: 94%
2026-02-07 00:37:06,327 - 💰 PROFIT: $10.5 | LEADS: 30 | EFF: 94%
2026-02-07 00:37:14,381 - 💰 PROFIT: $12.95 | LEADS: 37 | EFF: 94%
2026-02-07 00:37:22,407 - 💰 PROFIT: $11.2 | LEADS: 32 | EFF: 94%
2026-02-07 00:37:30,415 - 💰 PROFIT: $4.2 | LEADS: 12 | EFF: 94%
2026-02-07 00:37:38,433 - 💰 PROFIT: $9.8 | LEADS: 28 | EFF: 94%
2026-02-07 00:37:46,467 - 💰 PROFIT: $11.9 | LEADS: 34 | EFF: 94%
2026-02-07 00:37:54,487 - 💰 PROFIT: $5.6 | LEADS: 16 | EFF: 94%
2026-02-07 00:38:02,506 - 💰 PROFIT: $12.6 | LEADS: 36 | EFF: 94%
2026-02-07 00:38:10,519 - 💰 PROFIT: $15.05 | LEADS: 43 | EFF: 94%
2026-02-07 00:38:18,629 - 💰 PROFIT: $15.4 | LEADS: 44 | EFF: 94%
2026-02-07 00:38:26,659 - 💰 PROFIT: $14.7 | LEADS: 42 | EFF: 94%
2026-02-07 00:38:34,686 - 💰 PROFIT: $9.45 | LEADS: 27 | EFF: 94%
2026-02-07 00:38:42,704 - 💰 PROFIT: $11.2 | LEADS: 32 | EFF: 94%
2026-02-07 00:38:50,730 - 💰 PROFIT: $4.2 | LEADS: 12 | EFF: 94%
2026-02-07 00:38:58,744 - 💰 PROFIT: $16.45 | LEADS: 47 | EFF: 94%
2026-02-07 00:39:06,763 - 💰 PROFIT: $12.6 | LEADS: 36 | EFF: 94%
2026-02-07 00:39:14,788 - 💰 PROFIT: $13.65 | LEADS: 39 | EFF: 94%
2026-02-07 00:39:22,814 - 💰 PROFIT: $15.4 | LEADS: 44 | EFF: 94%
2026-02-07 00:39:30,845 - 💰 PROFIT: $15.75 | LEADS: 45 | EFF: 94%
2026-02-07 00:39:38,883 - 💰 PROFIT: $7.0 | LEADS: 20 | EFF: 94%
2026-02-07 00:39:46,916 - 💰 PROFIT: $5.6 | LEADS: 16 | EFF: 94%
2026-02-07 00:39:54,949 - 💰 PROFIT: $10.15 | LEADS: 29 | EFF: 94%
2026-02-07 00:40:02,978 - 💰 PROFIT: $15.05 | LEADS: 43 | EFF: 94%
2026-02-07 00:40:11,000 - 💰 PROFIT: $5.95 | LEADS: 17 | EFF: 94%
2026-02-07 00:40:19,039 - 💰 PROFIT: $15.4 | LEADS: 44 | EFF: 94%
2026-02-07 00:40:27,062 - 💰 PROFIT: $16.8 | LEADS: 48 | EFF: 94%
2026-02-07 00:40:35,094 - 💰 PROFIT: $11.9 | LEADS: 34 | EFF: 94%
2026-02-07 00:40:43,122 - 💰 PROFIT: $7.0 | LEADS: 20 | EFF: 94%
2026-02-07 00:40:51,148 - 💰 PROFIT: $4.2 | LEADS: 12 | EFF: 94%
2026-02-07 00:40:59,180 - 💰 PROFIT: $5.6 | LEADS: 16 | EFF: 94%
2026-02-07 00:41:07,220 - 💰 PROFIT: $12.95 | LEADS: 37 | EFF: 94%
2026-02-07 00:41:15,259 - 💰 PROFIT: $8.05 | LEADS: 23 | EFF: 94%
2026-02-07 00:41:23,296 - 💰 PROFIT: $11.9 | LEADS: 34 | EFF: 94%
2026-02-07 00:41:31,325 - 💰 PROFIT: $8.4 | LEADS: 24 | EFF: 94%
2026-02-07 00:41:39,346 - 💰 PROFIT: $7.35 | LEADS: 21 | EFF: 94%
2026-02-07 00:41:47,358 - 💰 PROFIT: $11.2 | LEADS: 32 | EFF: 94%
2026-02-07 00:41:55,390 - 💰 PROFIT: $10.5 | LEADS: 30 | EFF: 94%
2026-02-07 00:42:03,407 - 💰 PROFIT: $6.65 | LEADS: 19 | EFF: 94%
2026-02-07 00:42:11,425 - 💰 PROFIT: $7.7 | LEADS: 22 | EFF: 94%
2026-02-07 00:42:19,447 - 💰 PROFIT: $12.6 | LEADS: 36 | EFF: 94%
2026-02-07 00:42:27,477 - 💰 PROFIT: $14.7 | LEADS: 42 | EFF: 94%
2026-02-07 00:42:35,519 - 💰 PROFIT: $8.4 | LEADS: 24 | EFF: 94%
2026-02-07 00:42:43,543 - 💰 PROFIT: $8.75 | LEADS: 25 | EFF: 94%
2026-02-07 00:42:51,558 - 💰 PROFIT: $13.3 | LEADS: 38 | EFF: 94%
2026-02-07 00:42:59,565 - 💰 PROFIT: $11.2 | LEADS: 32 | EFF: 94%
2026-02-07 00:43:07,584 - 💰 PROFIT: $9.45 | LEADS: 27 | EFF: 94%
2026-02-07 00:43:15,608 - 💰 PROFIT: $4.2 | LEADS: 12 | EFF: 94%
2026-02-07 00:43:23,645 - 💰 PROFIT: $11.55 | LEADS: 33 | EFF: 94%
2026-02-07 00:43:31,667 - 💰 PROFIT: $4.9 | LEADS: 14 | EFF: 94%
2026-02-07 00:43:39,696 - 💰 PROFIT: $9.8 | LEADS: 28 | EFF: 94%
2026-02-07 00:43:47,722 - 💰 PROFIT: $4.2 | LEADS: 12 | EFF: 94%
2026-02-07 00:43:55,754 - 💰 PROFIT: $11.2 | LEADS: 32 | EFF: 94%
2026-02-07 00:44:03,786 - 💰 PROFIT: $7.35 | LEADS: 21 | EFF: 94%
2026-02-07 00:44:11,825 - 💰 PROFIT: $7.0 | LEADS: 20 | EFF: 94%
2026-02-07 00:44:19,855 - 💰 PROFIT: $12.25 | LEADS: 35 | EFF: 94%
2026-02-07 00:44:27,888 - 💰 PROFIT: $14.0 | LEADS: 40 | EFF: 94%
2026-02-07 00:44:35,929 - 💰 PROFIT: $4.2 | LEADS: 12 | EFF: 94%
2026-02-07 00:44:43,964 - 💰 PROFIT: $4.9 | LEADS: 14 | EFF: 94%
2026-02-07 00:44:52,005 - 💰 PROFIT: $14.0 | LEADS: 40 | EFF: 94%
2026-02-07 00:45:00,032 - 💰 PROFIT: $16.1 | LEADS: 46 | EFF: 94%
2026-02-07 00:45:08,069 - 💰 PROFIT: $9.45 | LEADS: 27 | EFF: 94%
2026-02-07 00:45:16,096 - 💰 PROFIT: $10.5 | LEADS: 30 | EFF: 94%
2026-02-07 00:45:24,121 - 💰 PROFIT: $7.7 | LEADS: 22 | EFF: 94%
2026-02-07 00:45:32,148 - 💰 PROFIT: $7.0 | LEADS: 20 | EFF: 94%
2026-02-07 00:45:40,187 - 💰 PROFIT: $16.8 | LEADS: 48 | EFF: 94%
2026-02-07 00:45:48,236 - 💰 PROFIT: $16.8 | LEADS: 48 | EFF: 94%
2026-02-07 00:45:56,260 - 💰 PROFIT: $8.4 | LEADS: 24 | EFF: 94%
2026-02-07 00:46:04,307 - 💰 PROFIT: $11.2 | LEADS: 32 | EFF: 94%
2026-02-07 00:46:12,332 - 💰 PROFIT: $12.25 | LEADS: 35 | EFF: 94%
2026-02-07 00:46:20,361 - 💰 PROFIT: $5.6 | LEADS: 16 | EFF: 94%
2026-02-07 00:46:28,388 - 💰 PROFIT: $11.55 | LEADS: 33 | EFF: 94%
2026-02-07 00:46:36,429 - 💰 PROFIT: $9.8 | LEADS: 28 | EFF: 94%
2026-02-07 00:46:44,451 - 💰 PROFIT: $16.8 | LEADS: 48 | EFF: 94%
2026-02-07 00:46:52,482 - 💰 PROFIT: $4.2 | LEADS: 12 | EFF: 94%
2026-02-07 00:47:00,514 - 💰 PROFIT: $8.05 | LEADS: 23 | EFF: 94%
2026-02-07 00:47:08,539 - 💰 PROFIT: $10.85 | LEADS: 31 | EFF: 94%
2026-02-07 00:47:16,562 - 💰 PROFIT: $16.45 | LEADS: 47 | EFF: 94%
2026-02-07 00:47:24,594 - 💰 PROFIT: $7.0 | LEADS: 20 | EFF: 94%
2026-02-07 00:47:32,621 - 💰 PROFIT: $7.0 | LEADS: 20 | EFF: 94%
2026-02-07 00:47:40,657 - 💰 PROFIT: $10.15 | LEADS: 29 | EFF: 94%
2026-02-07 00:47:48,700 - 💰 PROFIT: $13.65 | LEADS: 39 | EFF: 94%
2026-02-07 00:47:56,737 - 💰 PROFIT: $10.15 | LEADS: 29 | EFF: 94%
2026-02-07 00:48:04,770 - 💰 PROFIT: $9.45 | LEADS: 27 | EFF: 94%
2026-02-07 00:48:12,795 - 💰 PROFIT: $12.25 | LEADS: 35 | EFF: 94%
2026-02-07 00:48:20,832 - 💰 PROFIT: $15.75 | LEADS: 45 | EFF: 94%
2026-02-07 00:48:28,853 - 💰 PROFIT: $7.35 | LEADS: 21 | EFF: 94%
2026-02-07 00:48:36,890 - 💰 PROFIT: $11.55 | LEADS: 33 | EFF: 94%
2026-02-07 00:48:44,927 - 💰 PROFIT: $14.0 | LEADS: 40 | EFF: 94%
2026-02-07 00:48:52,962 - 💰 PROFIT: $14.0 | LEADS: 40 | EFF: 94%
2026-02-07 00:49:01,000 - 💰 PROFIT: $7.0 | LEADS: 20 | EFF: 94%
2026-02-07 00:49:09,033 - 💰 PROFIT: $10.5 | LEADS: 30 | EFF: 94%
2026-02-07 00:49:17,070 - 💰 PROFIT: $9.8 | LEADS: 28 | EFF: 94%
2026-02-07 00:49:25,101 - 💰 PROFIT: $15.4 | LEADS: 44 | EFF: 94%
2026-02-07 00:49:33,139 - 💰 PROFIT: $5.6 | LEADS: 16 | EFF: 94%
2026-02-07 00:49:41,172 - 💰 PROFIT: $16.8 | LEADS: 48 | EFF: 94%
2026-02-07 00:49:49,197 - 💰 PROFIT: $15.4 | LEADS: 44 | EFF: 94%
2026-02-07 00:49:57,232 - 💰 PROFIT: $4.55 | LEADS: 13 | EFF: 94%
2026-02-07 00:50:05,253 - 💰 PROFIT: $15.75 | LEADS: 45 | EFF: 94%
2026-02-07 01:06:33,754 - 💰 PROFIT: $15.75 | LEADS: 45 | EFF: 94%
2026-02-07 01:06:41,802 - 💰 PROFIT: $14.0 | LEADS: 40 | EFF: 94%
2026-02-07 07:08:07,093 - 💰 PROFIT: $13.3 | LEADS: 38 | EFF: 94%
2026-02-07 07:08:15,147 - 💰 PROFIT: $8.4 | LEADS: 24 | EFF: 94%
2026-02-07 07:08:23,187 - 💰 PROFIT: $11.55 | LEADS: 33 | EFF: 94%
2026-02-07 07:08:31,216 - 💰 PROFIT: $6.3 | LEADS: 18 | EFF: 94%
2026-02-07 07:08:39,243 - 💰 PROFIT: $15.4 | LEADS: 44 | EFF: 94%
2026-02-07 07:08:47,273 - 💰 PROFIT: $13.3 | LEADS: 38 | EFF: 94%
2026-02-07 07:08:55,481 - 💰 PROFIT: $15.4 | LEADS: 44 | EFF: 94%
2026-02-07 07:09:03,517 - 💰 PROFIT: $4.2 | LEADS: 12 | EFF: 94%
2026-02-07 08:23:55,481 - 💰 PROFIT: $9.8 | LEADS: 28 | EFF: 94%
2026-02-07 08:24:03,521 - 💰 PROFIT: $5.6 | LEADS: 16 | EFF: 94%
2026-02-07 08:24:11,543 - 💰 PROFIT: $5.25 | LEADS: 15 | EFF: 94%
2026-02-07 08:24:19,583 - 💰 PROFIT: $5.6 | LEADS: 16 | EFF: 94%
2026-02-07 08:24:29,369 - 💰 PROFIT: $16.45 | LEADS: 47 | EFF: 94%
2026-02-07 08:24:37,390 - 💰 PROFIT: $15.05 | LEADS: 43 | EFF: 94%
2026-02-07 11:14:20,722 - 💰 PROFIT: $8.75 | LEADS: 25 | EFF: 94%
2026-02-07 11:14:28,759 - 💰 PROFIT: $11.2 | LEADS: 32 | EFF: 94%
2026-02-07 11:14:36,793 - 💰 PROFIT: $10.5 | LEADS: 30 | EFF: 94%
2026-02-07 11:14:44,826 - 💰 PROFIT: $4.9 | LEADS: 14 | EFF: 94%
2026-02-07 11:14:52,859 - 💰 PROFIT: $4.2 | LEADS: 12 | EFF: 94%
2026-02-07 11:15:12,794 - 💰 PROFIT: $7.0 | LEADS: 20 | EFF: 94%
2026-02-07 11:15:21,057 - 💰 PROFIT: $11.9 | LEADS: 34 | EFF: 94%
2026-02-07 11:17:57,948 - 💰 PROFIT: $10.5 | LEADS: 30 | EFF: 94%
2026-02-07 11:18:05,984 - 💰 PROFIT: $7.0 | LEADS: 20 | EFF: 94%
2026-02-07 11:18:14,024 - 💰 PROFIT: $14.7 | LEADS: 42 | EFF: 94%
2026-02-07 11:18:22,066 - 💰 PROFIT: $9.8 | LEADS: 28 | EFF: 94%
2026-02-07 11:18:30,095 - 💰 PROFIT: $11.2 | LEADS: 32 | EFF: 94%
2026-02-07 11:18:38,129 - 💰 PROFIT: $5.95 | LEADS: 17 | EFF: 94%
2026-02-07 11:18:46,155 - 💰 PROFIT: $4.2 | LEADS: 12 | EFF: 94%
2026-02-07 11:18:54,186 - 💰 PROFIT: $15.4 | LEADS: 44 | EFF: 94%
2026-02-07 11:19:08,583 - 💰 PROFIT: $4.55 | LEADS: 13 | EFF: 94%
2026-02-07 11:19:16,616 - 💰 PROFIT: $6.3 | LEADS: 18 | EFF: 94%
2026-02-07 11:19:24,648 - 💰 PROFIT: $16.45 | LEADS: 47 | EFF: 94%
2026-02-07 11:19:32,681 - 💰 PROFIT: $7.7 | LEADS: 22 | EFF: 94%
2026-02-07 11:19:40,698 - 💰 PROFIT: $14.7 | LEADS: 42 | EFF: 94%
2026-02-07 11:19:48,727 - 💰 PROFIT: $5.25 | LEADS: 15 | EFF: 94%
2026-02-07 11:21:03,482 - 💰 PROFIT: $9.8 | LEADS: 28 | EFF: 94%
2026-02-07 11:21:11,508 - 💰 PROFIT: $12.6 | LEADS: 36 | EFF: 94%
2026-02-07 11:21:19,528 - 💰 PROFIT: $4.55 | LEADS: 13 | EFF: 94%
2026-02-07 11:21:27,545 - 💰 PROFIT: $10.85 | LEADS: 31 | EFF: 94%
2026-02-07 11:21:35,576 - 💰 PROFIT: $5.25 | LEADS: 15 | EFF: 94%
2026-02-07 11:21:43,609 - 💰 PROFIT: $5.25 | LEADS: 15 | EFF: 94%
2026-02-07 11:21:51,642 - 💰 PROFIT: $9.8 | LEADS: 28 | EFF: 94%
2026-02-07 11:21:59,674 - 💰 PROFIT: $14.35 | LEADS: 41 | EFF: 94%
2026-02-07 11:22:07,714 - 💰 PROFIT: $7.0 | LEADS: 20 | EFF: 94%
2026-02-07 11:22:15,756 - 💰 PROFIT: $15.4 | LEADS: 44 | EFF: 94%
2026-02-07 11:22:23,784 - 💰 PROFIT: $5.95 | LEADS: 17 | EFF: 94%
2026-02-07 11:22:31,808 - 💰 PROFIT: $4.9 | LEADS: 14 | EFF: 94%
2026-02-07 11:22:39,841 - 💰 PROFIT: $5.6 | LEADS: 16 | EFF: 94%
2026-02-07 11:22:47,863 - 💰 PROFIT: $5.25 | LEADS: 15 | EFF: 94%
2026-02-07 11:22:55,893 - 💰 PROFIT: $14.7 | LEADS: 42 | EFF: 94%
2026-02-07 11:23:03,917 - 💰 PROFIT: $8.75 | LEADS: 25 | EFF: 94%
2026-02-07 11:23:11,949 - 💰 PROFIT: $8.75 | LEADS: 25 | EFF: 94%
2026-02-07 11:23:19,982 - 💰 PROFIT: $14.0 | LEADS: 40 | EFF: 94%
2026-02-07 11:23:28,007 - 💰 PROFIT: $15.75 | LEADS: 45 | EFF: 94%
2026-02-07 11:23:36,035 - 💰 PROFIT: $6.65 | LEADS: 19 | EFF: 94%
2026-02-07 11:23:44,066 - 💰 PROFIT: $10.15 | LEADS: 29 | EFF: 94%
2026-02-07 11:23:52,099 - 💰 PROFIT: $6.65 | LEADS: 19 | EFF: 94%
2026-02-07 11:24:00,126 - 💰 PROFIT: $7.0 | LEADS: 20 | EFF: 94%
2026-02-07 11:24:08,149 - 💰 PROFIT: $7.0 | LEADS: 20 | EFF: 94%
2026-02-07 11:24:16,173 - 💰 PROFIT: $7.0 | LEADS: 20 | EFF: 94%
2026-02-07 11:24:24,204 - 💰 PROFIT: $15.4 | LEADS: 44 | EFF: 94%
2026-02-07 11:24:32,236 - 💰 PROFIT: $4.2 | LEADS: 12 | EFF: 94%
2026-02-07 11:24:40,264 - 💰 PROFIT: $10.5 | LEADS: 30 | EFF: 94%
2026-02-07 11:24:48,285 - 💰 PROFIT: $7.0 | LEADS: 20 | EFF: 94%
2026-02-07 11:24:56,309 - 💰 PROFIT: $15.75 | LEADS: 45 | EFF: 94%
2026-02-07 11:25:04,335 - 💰 PROFIT: $9.1 | LEADS: 26 | EFF: 94%
2026-02-07 11:25:12,369 - 💰 PROFIT: $9.1 | LEADS: 26 | EFF: 94%
2026-02-07 11:25:20,399 - 💰 PROFIT: $7.7 | LEADS: 22 | EFF: 94%
2026-02-07 11:25:28,433 - 💰 PROFIT: $10.5 | LEADS: 30 | EFF: 94%
2026-02-07 11:25:36,452 - 💰 PROFIT: $14.0 | LEADS: 40 | EFF: 94%
2026-02-07 11:25:44,484 - 💰 PROFIT: $10.5 | LEADS: 30 | EFF: 94%
2026-02-07 11:25:52,509 - 💰 PROFIT: $8.05 | LEADS: 23 | EFF: 94%
2026-02-07 11:26:00,530 - 💰 PROFIT: $6.3 | LEADS: 18 | EFF: 94%
2026-02-07 11:26:08,557 - 💰 PROFIT: $11.2 | LEADS: 32 | EFF: 94%
2026-02-07 11:26:16,581 - 💰 PROFIT: $11.2 | LEADS: 32 | EFF: 94%
2026-02-07 11:26:24,614 - 💰 PROFIT: $10.5 | LEADS: 30 | EFF: 94%
2026-02-07 11:26:32,638 - 💰 PROFIT: $9.8 | LEADS: 28 | EFF: 94%
2026-02-07 11:26:40,668 - 💰 PROFIT: $7.0 | LEADS: 20 | EFF: 94%
2026-02-07 11:26:48,693 - 💰 PROFIT: $15.4 | LEADS: 44 | EFF: 94%
2026-02-07 11:26:56,722 - 💰 PROFIT: $6.3 | LEADS: 18 | EFF: 94%
2026-02-07 11:27:04,728 - 💰 PROFIT: $5.6 | LEADS: 16 | EFF: 94%
2026-02-07 11:27:12,747 - 💰 PROFIT: $11.2 | LEADS: 32 | EFF: 94%
2026-02-07 11:27:20,776 - 💰 PROFIT: $12.6 | LEADS: 36 | EFF: 94%
2026-02-07 11:27:28,827 - 💰 PROFIT: $15.4 | LEADS: 44 | EFF: 94%
2026-02-07 11:27:36,868 - 💰 PROFIT: $12.6 | LEADS: 36 | EFF: 94%
2026-02-07 11:27:44,894 - 💰 PROFIT: $10.5 | LEADS: 30 | EFF: 94%
2026-02-07 11:27:52,908 - 💰 PROFIT: $7.7 | LEADS: 22 | EFF: 94%
2026-02-07 11:28:00,931 - 💰 PROFIT: $14.7 | LEADS: 42 | EFF: 94%
2026-02-07 11:28:08,957 - 💰 PROFIT: $15.4 | LEADS: 44 | EFF: 94%
2026-02-07 11:28:16,976 - 💰 PROFIT: $16.45 | LEADS: 47 | EFF: 94%
2026-02-07 11:28:24,995 - 💰 PROFIT: $5.25 | LEADS: 15 | EFF: 94%
2026-02-07 11:28:33,023 - 💰 PROFIT: $4.2 | LEADS: 12 | EFF: 94%
